TN:
SF:www.saucedemo.com
FN:3,(anonymous_0)
FN:5,(anonymous_1)
FNF:2
FNH:1
FNDA:3,(anonymous_0)
FNDA:0,(anonymous_1)
DA:3,3
DA:4,3
DA:5,0
DA:6,0
DA:8,0
LF:5
LH:2
BRDA:4,0,0,0
BRDA:4,0,1,3
BRF:2
BRH:1
end_of_record
TN:
SF:www.saucedemo.com/assets/index-Co7SA-g_.css
FNF:0
FNH:0
LF:0
LH:0
BRF:0
BRH:0
end_of_record
TN:
SF:www.saucedemo.com/assets/index-XyuNVFOR.js
FN:1,(anonymous_0)
FN:1,(anonymous_1)
FN:2,(anonymous_2)
FN:2,(anonymous_3)
FN:2,(anonymous_4)
FN:2,(anonymous_5)
FN:2,(anonymous_6)
FN:2,(anonymous_7)
FN:2,(anonymous_8)
FN:2,(anonymous_9)
FN:2,t
FN:2,n
FN:2,(anonymous_12)
FN:2,(anonymous_13)
FN:2,(anonymous_14)
FN:2,(anonymous_15)
FN:2,(anonymous_16)
FN:2,(anonymous_17)
FN:2,(anonymous_18)
FN:2,(anonymous_19)
FN:2,(anonymous_20)
FN:2,(anonymous_21)
FN:2,(anonymous_22)
FN:2,(anonymous_23)
FN:2,(anonymous_24)
FN:2,f
FN:2,(anonymous_26)
FN:2,(anonymous_27)
FN:2,(anonymous_28)
FN:2,(anonymous_29)
FN:2,(anonymous_30)
FN:2,(anonymous_31)
FN:2,(anonymous_32)
FN:2,(anonymous_33)
FN:2,(anonymous_34)
FN:2,(anonymous_35)
FN:2,(anonymous_36)
FN:2,(anonymous_37)
FN:2,(anonymous_38)
FN:2,(anonymous_39)
FN:2,(anonymous_40)
FN:2,(anonymous_41)
FN:2,(anonymous_42)
FN:2,(anonymous_43)
FN:2,(anonymous_44)
FN:2,(anonymous_45)
FN:2,(anonymous_46)
FN:2,(anonymous_47)
FN:2,(anonymous_48)
FN:2,(anonymous_49)
FN:2,(anonymous_50)
FN:2,(anonymous_51)
FN:2,(anonymous_52)
FN:2,(anonymous_53)
FN:2,(anonymous_54)
FN:2,(anonymous_55)
FN:2,(anonymous_56)
FN:2,(anonymous_57)
FN:2,(anonymous_58)
FN:2,(anonymous_59)
FN:2,(anonymous_60)
FN:2,(anonymous_61)
FN:2,(anonymous_62)
FN:2,(anonymous_63)
FN:2,(anonymous_64)
FN:2,(anonymous_65)
FN:2,(anonymous_66)
FN:2,(anonymous_67)
FN:2,(anonymous_68)
FN:2,(anonymous_69)
FN:2,(anonymous_70)
FN:2,(anonymous_71)
FN:2,(anonymous_72)
FN:2,(anonymous_73)
FN:2,(anonymous_74)
FN:2,(anonymous_75)
FN:2,(anonymous_76)
FN:2,D
FN:2,O
FN:2,(anonymous_79)
FN:2,(anonymous_80)
FN:2,ae
FN:2,(anonymous_82)
FN:2,se
FN:2,M
FN:2,N
FN:2,ce
FN:2,ue
FN:2,(anonymous_88)
FN:2,de
FN:2,fe
FN:2,(anonymous_91)
FN:2,(anonymous_92)
FN:2,(anonymous_93)
FN:2,(anonymous_94)
FN:2,(anonymous_95)
FN:2,(anonymous_96)
FN:2,(anonymous_97)
FN:2,ge
FN:2,n
FN:2,_e
FN:2,n
FN:2,(anonymous_102)
FN:2,(anonymous_103)
FN:2,(anonymous_104)
FN:2,(anonymous_105)
FN:2,(anonymous_106)
FN:2,(anonymous_107)
FN:2,(anonymous_108)
FN:2,(anonymous_109)
FN:2,(anonymous_110)
FN:2,(anonymous_111)
FN:2,(anonymous_112)
FN:2,(anonymous_113)
FN:2,(anonymous_114)
FN:2,(anonymous_115)
FN:2,(anonymous_116)
FN:2,(anonymous_117)
FN:2,(anonymous_118)
FN:2,(anonymous_119)
FN:2,(anonymous_120)
FN:2,(anonymous_121)
FN:2,(anonymous_122)
FN:2,(anonymous_123)
FN:2,(anonymous_124)
FN:2,(anonymous_125)
FN:2,(anonymous_126)
FN:2,(anonymous_127)
FN:2,(anonymous_128)
FN:2,(anonymous_129)
FN:2,(anonymous_130)
FN:2,(anonymous_131)
FN:2,(anonymous_132)
FN:2,(anonymous_133)
FN:2,(anonymous_134)
FN:2,(anonymous_135)
FN:2,(anonymous_136)
FN:2,(anonymous_137)
FN:2,(anonymous_138)
FN:2,(anonymous_139)
FN:2,(anonymous_140)
FN:2,(anonymous_141)
FN:2,(anonymous_142)
FN:2,(anonymous_143)
FN:2,(anonymous_144)
FN:2,(anonymous_145)
FN:2,(anonymous_146)
FN:2,(anonymous_147)
FN:2,(anonymous_148)
FN:2,(anonymous_149)
FN:4,(anonymous_150)
FN:4,(anonymous_151)
FN:4,(anonymous_152)
FN:4,(anonymous_153)
FN:4,(anonymous_154)
FN:4,(anonymous_155)
FN:4,(anonymous_156)
FN:4,(anonymous_157)
FN:4,(anonymous_158)
FN:4,(anonymous_159)
FN:4,(anonymous_160)
FN:4,(anonymous_161)
FN:4,(anonymous_162)
FN:4,(anonymous_163)
FN:4,ke
FN:4,(anonymous_165)
FN:4,(anonymous_166)
FN:4,(anonymous_167)
FN:4,(anonymous_168)
FN:4,(anonymous_169)
FN:4,(anonymous_170)
FN:4,(anonymous_171)
FN:4,(anonymous_172)
FN:4,(anonymous_173)
FN:4,(anonymous_174)
FN:4,(anonymous_175)
FN:4,(anonymous_176)
FN:4,(anonymous_177)
FN:4,(anonymous_178)
FN:4,Pe
FN:4,Fe
FN:4,n
FN:4,r
FN:4,Ie
FN:4,(anonymous_184)
FN:4,(anonymous_185)
FN:4,(anonymous_186)
FN:4,(anonymous_187)
FN:4,(anonymous_188)
FN:4,(anonymous_189)
FN:4,(anonymous_190)
FN:4,(anonymous_191)
FN:4,(anonymous_192)
FN:4,(anonymous_193)
FN:4,(anonymous_194)
FN:4,(anonymous_195)
FN:4,(anonymous_196)
FN:4,(anonymous_197)
FN:4,(anonymous_198)
FN:4,(anonymous_199)
FN:4,(anonymous_200)
FN:4,(anonymous_201)
FN:4,(anonymous_202)
FN:4,(anonymous_203)
FN:4,(anonymous_204)
FN:4,(anonymous_205)
FN:4,(anonymous_206)
FN:4,(anonymous_207)
FN:4,(anonymous_208)
FN:4,(anonymous_209)
FN:4,(anonymous_210)
FN:4,(anonymous_211)
FN:4,(anonymous_212)
FN:4,(anonymous_213)
FN:4,(anonymous_214)
FN:4,(anonymous_215)
FN:4,(anonymous_216)
FN:4,(anonymous_217)
FN:4,(anonymous_218)
FN:4,(anonymous_219)
FN:4,(anonymous_220)
FN:4,(anonymous_221)
FN:4,(anonymous_222)
FN:4,(anonymous_223)
FN:4,(anonymous_224)
FN:4,(anonymous_225)
FN:4,(anonymous_226)
FN:4,(anonymous_227)
FN:4,(anonymous_228)
FN:4,(anonymous_229)
FN:4,(anonymous_230)
FN:4,(anonymous_231)
FN:4,(anonymous_232)
FN:4,(anonymous_233)
FN:4,(anonymous_234)
FN:4,(anonymous_235)
FN:4,(anonymous_236)
FN:4,(anonymous_237)
FN:4,(anonymous_238)
FN:4,(anonymous_239)
FN:4,(anonymous_240)
FN:4,(anonymous_241)
FN:4,(anonymous_242)
FN:4,(anonymous_243)
FN:4,(anonymous_244)
FN:4,(anonymous_245)
FN:4,(anonymous_246)
FN:4,(anonymous_247)
FN:4,(anonymous_248)
FN:4,(anonymous_249)
FN:4,(anonymous_250)
FN:4,(anonymous_251)
FN:4,(anonymous_252)
FN:4,(anonymous_253)
FN:4,(anonymous_254)
FN:4,He
FN:4,(anonymous_256)
FN:4,(anonymous_257)
FN:4,(anonymous_258)
FN:4,(anonymous_259)
FN:4,(anonymous_260)
FN:4,(anonymous_261)
FN:4,(anonymous_262)
FN:4,(anonymous_263)
FN:4,(anonymous_264)
FN:4,(anonymous_265)
FN:4,(anonymous_266)
FN:4,(anonymous_267)
FN:4,(anonymous_268)
FN:4,(anonymous_269)
FN:4,(anonymous_270)
FN:4,(anonymous_271)
FN:4,(anonymous_272)
FN:4,(anonymous_273)
FN:4,(anonymous_274)
FN:4,(anonymous_275)
FN:4,(anonymous_276)
FN:4,(anonymous_277)
FN:4,(anonymous_278)
FN:4,(anonymous_279)
FN:4,(anonymous_280)
FN:4,(anonymous_281)
FN:4,(anonymous_282)
FN:4,(anonymous_283)
FN:4,(anonymous_284)
FN:4,(anonymous_285)
FN:4,(anonymous_286)
FN:4,(anonymous_287)
FN:4,(anonymous_288)
FN:4,(anonymous_289)
FN:4,(anonymous_290)
FN:4,(anonymous_291)
FN:4,(anonymous_292)
FN:4,(anonymous_293)
FN:4,(anonymous_294)
FN:4,(anonymous_295)
FN:4,a
FN:4,(anonymous_297)
FN:4,(anonymous_298)
FN:4,(anonymous_299)
FN:4,(anonymous_300)
FN:4,(anonymous_301)
FN:4,(anonymous_302)
FN:4,(anonymous_303)
FN:4,(anonymous_304)
FN:4,(anonymous_305)
FN:4,(anonymous_306)
FN:4,(anonymous_307)
FN:4,(anonymous_308)
FN:4,(anonymous_309)
FN:4,(anonymous_310)
FN:4,(anonymous_311)
FN:4,(anonymous_312)
FN:4,(anonymous_313)
FN:4,(anonymous_314)
FN:4,(anonymous_315)
FN:4,(anonymous_316)
FN:4,(anonymous_317)
FN:4,(anonymous_318)
FN:4,(anonymous_319)
FN:4,(anonymous_320)
FN:4,(anonymous_321)
FN:4,(anonymous_322)
FN:4,(anonymous_323)
FN:4,(anonymous_324)
FN:4,(anonymous_325)
FN:4,(anonymous_326)
FN:4,(anonymous_327)
FN:4,(anonymous_328)
FN:4,(anonymous_329)
FN:4,(anonymous_330)
FN:4,(anonymous_331)
FN:4,(anonymous_332)
FN:4,(anonymous_333)
FN:4,(anonymous_334)
FN:4,(anonymous_335)
FN:4,(anonymous_336)
FN:4,(anonymous_337)
FN:4,(anonymous_338)
FN:4,(anonymous_339)
FN:4,(anonymous_340)
FN:4,(anonymous_341)
FN:4,(anonymous_342)
FN:4,(anonymous_343)
FN:4,(anonymous_344)
FN:4,(anonymous_345)
FN:4,(anonymous_346)
FN:4,e
FN:4,(anonymous_348)
FN:4,(anonymous_349)
FN:4,(anonymous_350)
FN:4,(anonymous_351)
FN:4,(anonymous_352)
FN:4,(anonymous_353)
FN:4,(anonymous_354)
FN:4,(anonymous_355)
FN:4,(anonymous_356)
FN:4,(anonymous_357)
FN:4,(anonymous_358)
FN:4,(anonymous_359)
FN:4,(anonymous_360)
FN:4,(anonymous_361)
FN:4,(anonymous_362)
FN:4,(anonymous_363)
FN:4,(anonymous_364)
FN:4,(anonymous_365)
FN:4,(anonymous_366)
FN:4,(anonymous_367)
FN:4,lt
FN:4,i
FN:4,(anonymous_370)
FN:4,(anonymous_371)
FN:4,a
FN:4,o
FN:4,s
FN:4,(anonymous_375)
FN:4,(anonymous_376)
FN:4,(anonymous_377)
FN:4,(anonymous_378)
FN:4,(anonymous_379)
FN:4,(anonymous_380)
FN:4,(anonymous_381)
FN:4,(anonymous_382)
FN:4,(anonymous_383)
FN:4,(anonymous_384)
FN:4,(anonymous_385)
FN:4,(anonymous_386)
FN:4,(anonymous_387)
FN:4,(anonymous_388)
FN:4,(anonymous_389)
FN:4,(anonymous_390)
FN:4,(anonymous_391)
FN:4,(anonymous_392)
FN:4,(anonymous_393)
FN:4,(anonymous_394)
FN:4,(anonymous_395)
FN:4,(anonymous_396)
FN:4,(anonymous_397)
FN:4,(anonymous_398)
FN:4,(anonymous_399)
FN:4,(anonymous_400)
FN:4,(anonymous_401)
FN:4,(anonymous_402)
FN:4,(anonymous_403)
FN:4,(anonymous_404)
FN:4,(anonymous_405)
FN:4,(anonymous_406)
FN:4,(anonymous_407)
FN:4,(anonymous_408)
FN:4,(anonymous_409)
FN:4,(anonymous_410)
FN:4,(anonymous_411)
FN:4,(anonymous_412)
FN:4,(anonymous_413)
FN:4,(anonymous_414)
FN:4,(anonymous_415)
FN:4,(anonymous_416)
FN:4,(anonymous_417)
FN:4,(anonymous_418)
FN:4,(anonymous_419)
FN:4,(anonymous_420)
FN:4,(anonymous_421)
FN:4,(anonymous_422)
FN:4,(anonymous_423)
FN:4,(anonymous_424)
FN:4,(anonymous_425)
FN:4,(anonymous_426)
FN:4,(anonymous_427)
FN:4,(anonymous_428)
FN:4,(anonymous_429)
FN:4,(anonymous_430)
FN:4,(anonymous_431)
FN:4,(anonymous_432)
FN:4,(anonymous_433)
FN:4,(anonymous_434)
FN:4,(anonymous_435)
FN:4,(anonymous_436)
FN:4,(anonymous_437)
FN:4,(anonymous_438)
FN:4,(anonymous_439)
FN:4,(anonymous_440)
FN:4,(anonymous_441)
FN:4,(anonymous_442)
FN:4,(anonymous_443)
FN:4,(anonymous_444)
FN:4,(anonymous_445)
FN:4,(anonymous_446)
FN:4,(anonymous_447)
FN:4,Tt
FN:4,(anonymous_449)
FN:4,(anonymous_450)
FN:5,(anonymous_451)
FN:5,(anonymous_452)
FN:5,(anonymous_453)
FN:5,(anonymous_454)
FN:5,(anonymous_455)
FN:6,(anonymous_456)
FN:6,(anonymous_457)
FN:6,(anonymous_458)
FN:6,(anonymous_459)
FN:6,(anonymous_460)
FN:6,Ot
FN:6,(anonymous_462)
FN:6,(anonymous_463)
FN:6,(anonymous_464)
FN:6,(anonymous_465)
FN:6,(anonymous_466)
FN:6,(anonymous_467)
FN:6,(anonymous_468)
FN:6,(anonymous_469)
FN:6,(anonymous_470)
FN:6,(anonymous_471)
FN:6,(anonymous_472)
FN:6,(anonymous_473)
FN:6,(anonymous_474)
FN:6,(anonymous_475)
FN:6,(anonymous_476)
FN:6,(anonymous_477)
FN:6,(anonymous_478)
FN:6,(anonymous_479)
FN:6,(anonymous_480)
FN:6,(anonymous_481)
FN:6,(anonymous_482)
FN:6,(anonymous_483)
FN:6,(anonymous_484)
FN:6,(anonymous_485)
FN:6,(anonymous_486)
FN:6,(anonymous_487)
FN:6,(anonymous_488)
FN:6,(anonymous_489)
FN:6,(anonymous_490)
FN:6,(anonymous_491)
FN:6,(anonymous_492)
FN:6,(anonymous_493)
FN:6,(anonymous_494)
FN:6,(anonymous_495)
FN:6,(anonymous_496)
FN:6,(anonymous_497)
FN:6,(anonymous_498)
FN:6,(anonymous_499)
FN:7,(anonymous_500)
FN:7,(anonymous_501)
FN:8,(anonymous_502)
FN:8,(anonymous_503)
FN:8,(anonymous_504)
FN:8,(anonymous_505)
FN:8,It
FN:8,i
FN:8,(anonymous_508)
FN:8,(anonymous_509)
FN:8,o
FN:8,s
FN:8,c
FN:8,zt
FN:8,f
FN:8,(anonymous_515)
FN:8,(anonymous_516)
FN:8,(anonymous_517)
FN:8,(anonymous_518)
FN:8,_
FN:8,(anonymous_520)
FN:8,(anonymous_521)
FN:8,v
FN:8,y
FN:8,T
FN:8,E
FN:8,D
FN:8,O
FN:8,(anonymous_528)
FN:8,ee
FN:8,te
FN:8,(anonymous_531)
FN:8,ne
FN:8,(anonymous_533)
FN:8,re
FN:8,(anonymous_535)
FN:8,(anonymous_536)
FN:8,(anonymous_537)
FN:8,(anonymous_538)
FN:8,(anonymous_539)
FN:8,(anonymous_540)
FN:8,(anonymous_541)
FN:8,(anonymous_542)
FN:8,(anonymous_543)
FN:8,(anonymous_544)
FN:8,(anonymous_545)
FN:8,(anonymous_546)
FN:8,(anonymous_547)
FN:8,(anonymous_548)
FN:8,(anonymous_549)
FN:8,(anonymous_550)
FN:8,(anonymous_551)
FN:8,(anonymous_552)
FN:8,(anonymous_553)
FN:8,(anonymous_554)
FN:8,(anonymous_555)
FN:8,(anonymous_556)
FN:8,(anonymous_557)
FN:8,(anonymous_558)
FN:8,(anonymous_559)
FN:8,(anonymous_560)
FN:8,(anonymous_561)
FN:8,(anonymous_562)
FN:8,(anonymous_563)
FN:8,(anonymous_564)
FN:8,(anonymous_565)
FN:8,(anonymous_566)
FN:8,(anonymous_567)
FN:8,(anonymous_568)
FN:8,(anonymous_569)
FN:8,(anonymous_570)
FN:8,(anonymous_571)
FN:8,(anonymous_572)
FN:8,(anonymous_573)
FN:8,m
FN:8,(anonymous_575)
FN:8,(anonymous_576)
FN:8,(anonymous_577)
FN:8,(anonymous_578)
FN:8,y
FN:8,(anonymous_580)
FN:8,(anonymous_581)
FN:8,b
FN:8,x
FN:8,w
FN:8,D
FN:8,O
FN:8,k
FN:8,ee
FN:8,(anonymous_589)
FN:8,ne
FN:8,re
FN:8,(anonymous_592)
FN:8,(anonymous_593)
FN:8,A
FN:8,(anonymous_595)
FN:8,j
FN:8,(anonymous_597)
FN:8,ie
FN:8,(anonymous_599)
FN:8,(anonymous_600)
FN:8,(anonymous_601)
FN:8,(anonymous_602)
FN:8,(anonymous_603)
FN:8,(anonymous_604)
FN:8,(anonymous_605)
FN:8,(anonymous_606)
FN:8,(anonymous_607)
FN:8,(anonymous_608)
FN:8,(anonymous_609)
FN:8,(anonymous_610)
FN:8,(anonymous_611)
FN:8,(anonymous_612)
FN:8,(anonymous_613)
FN:8,(anonymous_614)
FN:8,(anonymous_615)
FN:8,(anonymous_616)
FN:8,(anonymous_617)
FN:8,(anonymous_618)
FN:8,(anonymous_619)
FN:8,(anonymous_620)
FN:8,(anonymous_621)
FN:8,(anonymous_622)
FN:8,(anonymous_623)
FN:8,(anonymous_624)
FN:8,(anonymous_625)
FN:8,(anonymous_626)
FN:8,(anonymous_627)
FN:8,(anonymous_628)
FN:8,(anonymous_629)
FN:8,(anonymous_630)
FN:8,(anonymous_631)
FN:8,(anonymous_632)
FN:8,(anonymous_633)
FN:8,(anonymous_634)
FN:8,(anonymous_635)
FN:8,(anonymous_636)
FN:8,(anonymous_637)
FN:8,(anonymous_638)
FN:8,(anonymous_639)
FN:8,(anonymous_640)
FN:8,(anonymous_641)
FN:8,(anonymous_642)
FN:8,t
FN:8,n
FN:8,r
FN:8,i
FN:8,(anonymous_647)
FN:8,(anonymous_648)
FN:8,x
FN:8,S
FN:8,D
FN:8,O
FN:8,(anonymous_653)
FN:8,(anonymous_654)
FN:8,(anonymous_655)
FN:8,ne
FN:8,(anonymous_657)
FN:8,(anonymous_658)
FN:8,(anonymous_659)
FN:8,(anonymous_660)
FN:8,(anonymous_661)
FN:8,(anonymous_662)
FN:8,(anonymous_663)
FN:8,(anonymous_664)
FN:8,(anonymous_665)
FN:8,(anonymous_666)
FN:8,(anonymous_667)
FN:8,(anonymous_668)
FN:8,n
FN:8,r
FN:8,(anonymous_671)
FN:8,o
FN:8,c
FN:8,(anonymous_674)
FN:8,(anonymous_675)
FN:8,(anonymous_676)
FN:8,(anonymous_677)
FN:8,(anonymous_678)
FN:8,(anonymous_679)
FN:8,(anonymous_680)
FN:8,(anonymous_681)
FN:8,(anonymous_682)
FN:8,(anonymous_683)
FN:8,(anonymous_684)
FN:8,(anonymous_685)
FN:8,(anonymous_686)
FN:8,n
FN:8,(anonymous_688)
FN:8,i
FN:8,a
FN:8,o
FN:8,s
FN:8,c
FN:8,l
FN:8,u
FN:8,d
FN:8,ee
FN:8,ne
FN:8,se
FN:8,M
FN:8,N
FN:8,fe
FN:8,P
FN:8,pe
FN:8,F
FN:8,ge
FN:10,ve
FN:10,(anonymous_708)
FN:10,(anonymous_709)
FN:10,(anonymous_710)
FN:10,(anonymous_711)
FN:13,ye
FN:13,be
FN:15,Le
FN:15,Ve
FN:15,Ge
FN:15,Ke
FN:15,qe
FN:15,Je
FN:15,Ye
FN:15,Xe
FN:15,Ze
FN:15,Qe
FN:15,$e
FN:15,et
FN:15,tt
FN:15,nt
FN:15,rt
FN:15,it
FN:15,at
FN:15,ht
FN:15,gt
FN:15,_t
FN:15,vt
FN:15,yt
FN:15,bt
FN:15,Ct
FN:15,wt
FN:15,Ot
FN:15,kt
FN:15,At
FN:15,jt
FN:15,Mt
FN:15,Nt
FN:15,Pt
FN:15,(anonymous_746)
FN:15,(anonymous_747)
FN:15,(anonymous_748)
FN:15,(anonymous_749)
FN:15,(anonymous_750)
FN:15,Ft
FN:15,It
FN:15,Lt
FN:15,Rt
FN:15,(anonymous_755)
FN:15,zt
FN:15,Bt
FN:15,Vt
FN:15,Ht
FN:15,Wt
FN:15,Kt
FN:15,Jt
FN:15,L
FN:15,Xt
FN:15,Zt
FN:15,en
FN:15,R
FN:15,nn
FN:15,on
FN:15,cn
FN:15,ln
FN:15,(anonymous_772)
FN:15,gn
FN:15,_n
FN:15,vn
FN:15,yn
FN:15,bn
FN:15,t
FN:15,(anonymous_779)
FN:15,(anonymous_780)
FN:15,(anonymous_781)
FN:15,(anonymous_782)
FN:15,(anonymous_783)
FN:15,(anonymous_784)
FN:15,(anonymous_785)
FN:15,(anonymous_786)
FN:15,Rn
FN:15,zn
FN:15,(anonymous_789)
FN:15,(anonymous_790)
FN:15,(anonymous_791)
FN:15,(anonymous_792)
FN:15,(anonymous_793)
FN:15,(anonymous_794)
FN:15,$n
FN:15,er
FN:15,nr
FN:15,rr
FN:15,ar
FN:15,or
FN:15,lr
FN:15,ur
FN:15,dr
FN:15,gr
FN:15,_r
FN:15,vr
FN:15,yr
FN:15,br
FN:15,xr
FN:15,Sr
FN:15,wr
FN:15,Tr
FN:15,Er
FN:15,Dr
FN:15,Or
FN:15,kr
FN:15,Fr
FN:15,Ir
FN:15,zr
FN:15,Yr
FN:15,(anonymous_821)
FN:15,ei
FN:15,ti
FN:15,ni
FN:15,B
FN:15,ri
FN:15,ii
FN:15,oi
FN:15,si
FN:15,ci
FN:15,li
FN:15,ui
FN:15,di
FN:15,fi
FN:15,pi
FN:15,mi
FN:15,hi
FN:15,_i
FN:15,Di
FN:15,Oi
FN:15,ki
FN:15,Ai
FN:15,ji
FN:15,Li
FN:15,Ri
FN:15,zi
FN:15,Bi
FN:15,Vi
FN:15,Hi
FN:15,Ui
FN:15,qi
FN:15,H
FN:15,Ji
FN:15,Yi
FN:15,Xi
FN:15,Zi
FN:15,Qi
FN:15,$i
FN:15,ea
FN:15,ta
FN:15,(anonymous_861)
FN:15,(anonymous_862)
FN:15,(anonymous_863)
FN:15,(anonymous_864)
FN:15,oa
FN:15,sa
FN:15,(anonymous_867)
FN:15,fa
FN:15,(anonymous_869)
FN:15,pa
FN:15,ma
FN:15,(anonymous_872)
FN:15,(anonymous_873)
FN:15,(anonymous_874)
FN:15,(anonymous_875)
FN:15,_a
FN:15,va
FN:15,ya
FN:15,(anonymous_879)
FN:15,wa
FN:15,Ta
FN:15,(anonymous_882)
FN:15,(anonymous_883)
FN:15,Ea
FN:15,Oa
FN:15,ka
FN:15,Ma
FN:15,Na
FN:15,Pa
FN:15,Fa
FN:15,t
FN:15,n
FN:15,r
FN:15,a
FN:15,o
FN:15,s
FN:15,c
FN:15,l
FN:15,u
FN:15,d
FN:15,f
FN:15,p
FN:15,v
FN:15,y
FN:15,(anonymous_905)
FN:15,b
FN:15,(anonymous_907)
FN:15,S
FN:15,(anonymous_909)
FN:15,za
FN:15,Ba
FN:15,Va
FN:15,Ha
FN:15,Ua
FN:15,Wa
FN:15,Ka
FN:15,qa
FN:15,Ja
FN:15,Ya
FN:15,Qa
FN:15,$a
FN:15,eo
FN:15,ro
FN:15,io
FN:15,ao
FN:15,oo
FN:15,so
FN:15,lo
FN:15,yo
FN:15,bo
FN:15,xo
FN:15,So
FN:15,Co
FN:15,wo
FN:15,To
FN:15,Eo
FN:15,Do
FN:15,Oo
FN:15,ko
FN:15,Ao
FN:15,jo
FN:15,Mo
FN:15,No
FN:15,(anonymous_944)
FN:15,Po
FN:15,Fo
FN:15,Io
FN:15,Lo
FN:15,Ro
FN:15,zo
FN:15,Bo
FN:15,Vo
FN:15,(anonymous_953)
FN:15,Ho
FN:15,Uo
FN:15,Wo
FN:15,Go
FN:15,Ko
FN:15,(anonymous_959)
FN:15,qo
FN:15,Jo
FN:15,(anonymous_962)
FN:15,(anonymous_963)
FN:15,Yo
FN:15,Xo
FN:15,Zo
FN:15,Qo
FN:15,$o
FN:15,es
FN:15,ts
FN:15,ns
FN:15,rs
FN:15,is
FN:15,as
FN:15,os
FN:15,ss
FN:15,cs
FN:15,ls
FN:15,us
FN:15,ds
FN:15,(anonymous_981)
FN:15,fs
FN:15,ps
FN:15,ms
FN:15,(anonymous_985)
FN:15,(anonymous_986)
FN:15,hs
FN:15,gs
FN:15,_s
FN:15,vs
FN:15,ys
FN:15,bs
FN:15,xs
FN:15,(anonymous_994)
FN:15,Ss
FN:15,Cs
FN:15,(anonymous_997)
FN:15,ws
FN:15,Ts
FN:15,Es
FN:15,Ds
FN:15,Os
FN:15,ks
FN:15,As
FN:15,js
FN:15,Ms
FN:15,Ns
FN:15,Ps
FN:15,Fs
FN:15,Is
FN:15,(anonymous_1011)
FN:15,(anonymous_1012)
FN:15,(anonymous_1013)
FN:15,(anonymous_1014)
FN:15,(anonymous_1015)
FN:15,(anonymous_1016)
FN:15,(anonymous_1017)
FN:15,(anonymous_1018)
FN:15,(anonymous_1019)
FN:15,(anonymous_1020)
FN:15,(anonymous_1021)
FN:15,(anonymous_1022)
FN:15,(anonymous_1023)
FN:15,(anonymous_1024)
FN:15,(anonymous_1025)
FN:15,(anonymous_1026)
FN:15,(anonymous_1027)
FN:15,(anonymous_1028)
FN:15,(anonymous_1029)
FN:15,(anonymous_1030)
FN:15,(anonymous_1031)
FN:15,(anonymous_1032)
FN:15,(anonymous_1033)
FN:15,(anonymous_1034)
FN:15,Vs
FN:15,(anonymous_1036)
FN:15,(anonymous_1037)
FN:15,(anonymous_1038)
FN:15,Us
FN:15,Ws
FN:15,Gs
FN:15,Ks
FN:15,qs
FN:15,Js
FN:15,Ys
FN:15,(anonymous_1046)
FN:15,Xs
FN:15,(anonymous_1048)
FN:15,Zs
FN:15,(anonymous_1050)
FN:15,Qs
FN:15,$s
FN:15,(anonymous_1053)
FN:15,(anonymous_1054)
FN:15,(anonymous_1055)
FN:15,ec
FN:15,rc
FN:15,ic
FN:15,ac
FN:15,oc
FN:15,sc
FN:15,cc
FN:15,lc
FN:15,uc
FN:15,dc
FN:15,fc
FN:15,pc
FN:15,mc
FN:15,hc
FN:15,gc
FN:15,_c
FN:15,yc
FN:15,bc
FN:15,xc
FN:15,Sc
FN:15,Cc
FN:15,wc
FN:15,Tc
FN:15,Ec
FN:15,Dc
FN:15,Oc
FN:15,kc
FN:15,Ac
FN:15,jc
FN:15,Mc
FN:15,Nc
FN:15,Pc
FN:15,Fc
FN:15,Ic
FN:15,Lc
FN:15,Rc
FN:15,zc
FN:15,Bc
FN:15,Vc
FN:15,Hc
FN:15,Uc
FN:15,Wc
FN:15,Gc
FN:15,Kc
FN:15,qc
FN:15,Jc
FN:15,Yc
FN:15,Xc
FN:15,Zc
FN:15,Qc
FN:15,$c
FN:15,al
FN:15,ol
FN:15,sl
FN:15,ul
FN:15,dl
FN:15,fl
FN:15,pl
FN:15,ml
FN:15,hl
FN:15,(anonymous_1116)
FN:15,gl
FN:15,vl
FN:15,yl
FN:15,bl
FN:15,xl
FN:15,Sl
FN:15,Cl
FN:15,wl
FN:15,Tl
FN:15,El
FN:15,Dl
FN:15,Ol
FN:15,kl
FN:15,jl
FN:15,Ml
FN:15,Nl
FN:15,Pl
FN:15,Fl
FN:15,Il
FN:15,Ll
FN:15,(anonymous_1137)
FN:15,(anonymous_1138)
FN:15,mu
FN:15,hu
FN:15,gu
FN:15,_u
FN:15,vu
FN:15,yu
FN:15,bu
FN:15,xu
FN:15,Su
FN:15,Cu
FN:15,wu
FN:15,Tu
FN:15,Eu
FN:15,Du
FN:15,Ou
FN:15,ku
FN:15,Au
FN:15,ju
FN:15,(anonymous_1157)
FN:15,Mu
FN:15,Nu
FN:15,Pu
FN:15,Fu
FN:15,Iu
FN:15,Lu
FN:15,Ru
FN:15,(anonymous_1165)
FN:15,zu
FN:15,Bu
FN:15,Vu
FN:15,Hu
FN:15,Uu
FN:15,Wu
FN:15,Gu
FN:15,Z
FN:15,Ku
FN:15,qu
FN:15,Ju
FN:15,Yu
FN:15,Xu
FN:15,Zu
FN:15,id
FN:15,ad
FN:15,od
FN:15,sd
FN:15,cd
FN:15,ld
FN:15,ud
FN:15,dd
FN:15,(anonymous_1188)
FN:15,fd
FN:15,pd
FN:15,md
FN:15,hd
FN:15,(anonymous_1193)
FN:15,bd
FN:15,Q
FN:15,xd
FN:15,Cd
FN:15,(anonymous_1198)
FN:15,wd
FN:15,Td
FN:15,(anonymous_1201)
FN:15,Ed
FN:15,Dd
FN:15,Od
FN:15,kd
FN:15,Md
FN:16,Nd
FN:16,$
FN:16,Pd
FN:16,Fd
FN:16,Id
FN:16,Ld
FN:16,Rd
FN:16,Vd
FN:16,Hd
FN:16,Ud
FN:16,Wd
FN:16,Kd
FN:16,(anonymous_1219)
FN:16,Zd
FN:16,(anonymous_1221)
FN:16,Qd
FN:16,$d
FN:16,ef
FN:16,tf
FN:16,nf
FN:16,rf
FN:16,af
FN:16,of
FN:16,sf
FN:16,cf
FN:16,(anonymous_1232)
FN:16,lf
FN:16,df
FN:16,ff
FN:16,pf
FN:16,mf
FN:16,_f
FN:16,yf
FN:16,bf
FN:16,Sf
FN:16,Cf
FN:16,wf
FN:16,Tf
FN:16,Ef
FN:16,Df
FN:16,(anonymous_1247)
FN:16,(anonymous_1248)
FN:16,(anonymous_1249)
FN:16,Of
FN:16,kf
FN:16,Af
FN:16,jf
FN:16,Mf
FN:16,Nf
FN:16,Pf
FN:16,(anonymous_1257)
FN:16,(anonymous_1258)
FN:16,Ff
FN:16,If
FN:16,Lf
FN:16,(anonymous_1262)
FN:16,Rf
FN:16,zf
FN:16,Bf
FN:16,Hf
FN:16,Uf
FN:16,Wf
FN:16,Gf
FN:16,Kf
FN:16,(anonymous_1271)
FN:16,Jf
FN:16,(anonymous_1273)
FN:16,(anonymous_1274)
FN:16,(anonymous_1275)
FN:16,(anonymous_1276)
FN:16,Yf
FN:16,Zf
FN:16,Qf
FN:16,ep
FN:16,tp
FN:16,np
FN:16,rp
FN:16,ip
FN:16,ap
FN:16,op
FN:16,sp
FN:16,lp
FN:16,up
FN:16,dp
FN:16,fp
FN:16,mp
FN:16,hp
FN:16,wp
FN:16,Tp
FN:16,Ep
FN:16,Dp
FN:16,(anonymous_1298)
FN:16,(anonymous_1299)
FN:16,Op
FN:16,kp
FN:16,Ap
FN:16,jp
FN:16,Np
FN:16,(anonymous_1305)
FN:16,Pp
FN:16,t
FN:16,Fp
FN:16,e
FN:16,(anonymous_1310)
FN:16,(anonymous_1311)
FN:16,t
FN:16,n
FN:16,(anonymous_1314)
FN:16,Ip
FN:16,(anonymous_1316)
FN:16,(anonymous_1317)
FN:16,Lp
FN:16,(anonymous_1319)
FN:16,(anonymous_1320)
FN:16,(anonymous_1321)
FN:16,(anonymous_1322)
FN:16,n
FN:16,Zt
FN:16,(anonymous_1325)
FN:16,(anonymous_1326)
FN:16,en
FN:16,t
FN:16,n
FN:16,R
FN:16,tn
FN:16,nn
FN:16,rn
FN:16,an
FN:16,on
FN:16,sn
FN:16,cn
FN:16,u
FN:16,d
FN:16,f
FN:16,p
FN:16,m
FN:16,(anonymous_1343)
FN:16,(anonymous_1344)
FN:16,(anonymous_1345)
FN:16,(anonymous_1346)
FN:16,(anonymous_1347)
FN:16,(anonymous_1348)
FN:16,(anonymous_1349)
FN:16,(anonymous_1350)
FN:16,un
FN:16,dn
FN:16,fn
FN:16,(anonymous_1354)
FN:16,(anonymous_1355)
FN:16,pn
FN:16,(anonymous_1357)
FN:16,(anonymous_1358)
FN:16,mn
FN:16,(anonymous_1360)
FN:16,(anonymous_1361)
FN:16,(anonymous_1362)
FN:16,(anonymous_1363)
FN:16,Sn
FN:16,(anonymous_1365)
FN:16,(anonymous_1366)
FN:16,Cn
FN:16,(anonymous_1368)
FN:16,wn
FN:16,Tn
FN:16,(anonymous_1371)
FN:16,En
FN:16,(anonymous_1373)
FN:16,Dn
FN:16,(anonymous_1375)
FN:16,On
FN:16,(anonymous_1377)
FN:16,jn
FN:16,Mn
FN:16,(anonymous_1380)
FN:16,Nn
FN:16,Pn
FN:16,(anonymous_1383)
FN:16,Fn
FN:16,(anonymous_1385)
FN:16,(anonymous_1386)
FN:16,In
FN:16,(anonymous_1388)
FN:16,(anonymous_1389)
FN:16,(anonymous_1390)
FN:16,(anonymous_1391)
FN:16,(anonymous_1392)
FN:16,Hn
FN:16,Gn
FN:16,(anonymous_1395)
FN:16,Qn
FN:16,$n
FN:16,er
FN:16,tr
FN:16,nr
FN:16,(anonymous_1401)
FN:16,(anonymous_1402)
FN:16,rr
FN:16,ir
FN:16,ar
FN:16,(anonymous_1406)
FN:16,or
FN:16,(anonymous_1408)
FN:16,(anonymous_1409)
FN:16,(anonymous_1410)
FN:16,(anonymous_1411)
FN:16,(anonymous_1412)
FN:16,lr
FN:16,ur
FN:16,(anonymous_1415)
FN:16,(anonymous_1416)
FN:16,(anonymous_1417)
FN:16,(anonymous_1418)
FN:16,(anonymous_1419)
FN:16,pr
FN:16,mr
FN:16,hr
FN:16,gr
FN:16,_r
FN:16,vr
FN:16,(anonymous_1426)
FN:16,(anonymous_1427)
FN:16,br
FN:16,(anonymous_1429)
FN:16,Sr
FN:16,Cr
FN:16,(anonymous_1432)
FN:16,wr
FN:16,Tr
FN:16,(anonymous_1435)
FN:16,(anonymous_1436)
FN:16,Er
FN:16,(anonymous_1438)
FN:16,(anonymous_1439)
FN:16,Or
FN:16,(anonymous_1441)
FN:16,jr
FN:16,(anonymous_1443)
FN:16,(anonymous_1444)
FN:16,(anonymous_1445)
FN:16,(anonymous_1446)
FN:16,(anonymous_1447)
FN:16,(anonymous_1448)
FN:16,(anonymous_1449)
FN:16,(anonymous_1450)
FN:16,r
FN:16,i
FN:16,(anonymous_1453)
FN:16,e
FN:16,t
FN:16,(anonymous_1456)
FN:16,Lr
FN:16,(anonymous_1458)
FN:16,(anonymous_1459)
FN:16,zr
FN:16,n
FN:16,r
FN:16,(anonymous_1463)
FN:16,(anonymous_1464)
FN:16,(anonymous_1465)
FN:16,Gr
FN:16,Kr
FN:16,qr
FN:16,Jr
FN:16,Yr
FN:16,Xr
FN:16,Zr
FN:16,Qr
FN:16,$r
FN:16,ei
FN:16,(anonymous_1476)
FN:16,n
FN:16,(anonymous_1478)
FN:16,(anonymous_1479)
FN:16,ii
FN:16,n
FN:16,(anonymous_1482)
FN:16,(anonymous_1483)
FN:16,(anonymous_1484)
FN:16,(anonymous_1485)
FN:16,(anonymous_1486)
FN:16,(anonymous_1487)
FN:16,(anonymous_1488)
FN:16,(anonymous_1489)
FN:16,(anonymous_1490)
FN:16,(anonymous_1491)
FN:16,(anonymous_1492)
FN:16,(anonymous_1493)
FN:16,(anonymous_1494)
FN:16,(anonymous_1495)
FN:16,(anonymous_1496)
FN:16,(anonymous_1497)
FN:16,(anonymous_1498)
FN:16,(anonymous_1499)
FN:16,(anonymous_1500)
FN:16,(anonymous_1501)
FN:16,(anonymous_1502)
FN:16,(anonymous_1503)
FN:16,(anonymous_1504)
FN:16,(anonymous_1505)
FN:16,(anonymous_1506)
FN:16,(anonymous_1507)
FN:16,t
FN:16,n
FN:16,r
FN:16,i
FN:16,a
FN:16,o
FN:16,s
FN:16,(anonymous_1515)
FN:16,(anonymous_1516)
FN:16,(anonymous_1517)
FN:16,e
FN:16,(anonymous_1519)
FN:16,(anonymous_1520)
FN:16,a
FN:16,o
FN:16,s
FN:16,(anonymous_1524)
FN:16,t
FN:16,(anonymous_1526)
FN:16,(anonymous_1527)
FN:16,(anonymous_1528)
FN:16,(anonymous_1529)
FN:16,(anonymous_1530)
FN:16,(anonymous_1531)
FN:16,(anonymous_1532)
FN:16,(anonymous_1533)
FN:16,e
FN:16,(anonymous_1535)
FN:16,(anonymous_1536)
FN:16,a
FN:16,o
FN:16,s
FN:16,(anonymous_1540)
FN:16,t
FN:16,(anonymous_1542)
FN:16,(anonymous_1543)
FN:16,(anonymous_1544)
FN:16,(anonymous_1545)
FN:16,(anonymous_1546)
FN:16,e
FN:16,(anonymous_1548)
FN:16,(anonymous_1549)
FN:16,i
FN:16,(anonymous_1551)
FN:16,h
FN:16,(anonymous_1553)
FN:16,(anonymous_1554)
FN:16,(anonymous_1555)
FN:16,(anonymous_1556)
FN:16,(anonymous_1557)
FN:16,(anonymous_1558)
FN:16,(anonymous_1559)
FN:16,(anonymous_1560)
FN:16,(anonymous_1561)
FN:16,(anonymous_1562)
FN:16,(anonymous_1563)
FN:16,(anonymous_1564)
FN:16,C
FN:16,(anonymous_1566)
FN:16,(anonymous_1567)
FN:16,w
FN:16,T
FN:16,E
FN:16,D
FN:16,O
FN:16,(anonymous_1573)
FN:16,k
FN:16,(anonymous_1575)
FN:16,ee
FN:16,te
FN:16,ne
FN:16,re
FN:16,(anonymous_1580)
FN:16,(anonymous_1581)
FN:16,(anonymous_1582)
FN:16,n
FN:16,(anonymous_1584)
FN:16,n
FN:16,(anonymous_1586)
FN:16,(anonymous_1587)
FN:16,(anonymous_1588)
FN:16,(anonymous_1589)
FN:16,(anonymous_1590)
FN:16,(anonymous_1591)
FN:16,(anonymous_1592)
FN:16,(anonymous_1593)
FN:16,(anonymous_1594)
FN:16,(anonymous_1595)
FN:16,(anonymous_1596)
FN:16,(anonymous_1597)
FN:16,(anonymous_1598)
FN:16,(anonymous_1599)
FN:16,(anonymous_1600)
FN:16,(anonymous_1601)
FN:16,(anonymous_1602)
FN:16,(anonymous_1603)
FN:16,(anonymous_1604)
FN:16,(anonymous_1605)
FN:16,(anonymous_1606)
FN:16,(anonymous_1607)
FN:16,(anonymous_1608)
FN:16,(anonymous_1609)
FN:16,(anonymous_1610)
FN:16,(anonymous_1611)
FN:16,(anonymous_1612)
FN:16,(anonymous_1613)
FN:16,(anonymous_1614)
FN:16,(anonymous_1615)
FN:16,(anonymous_1616)
FN:16,(anonymous_1617)
FN:16,(anonymous_1618)
FN:16,(anonymous_1619)
FN:16,(anonymous_1620)
FN:16,(anonymous_1621)
FN:16,(anonymous_1622)
FN:16,(anonymous_1623)
FN:16,(anonymous_1624)
FN:16,(anonymous_1625)
FN:16,(anonymous_1626)
FN:16,(anonymous_1627)
FN:16,(anonymous_1628)
FN:16,(anonymous_1629)
FN:16,(anonymous_1630)
FN:16,(anonymous_1631)
FN:16,(anonymous_1632)
FN:16,(anonymous_1633)
FN:16,(anonymous_1634)
FN:16,(anonymous_1635)
FN:16,(anonymous_1636)
FN:16,(anonymous_1637)
FN:16,(anonymous_1638)
FN:16,(anonymous_1639)
FN:16,(anonymous_1640)
FN:16,t
FN:16,(anonymous_1642)
FN:16,(anonymous_1643)
FN:16,(anonymous_1644)
FN:16,D
FN:16,O
FN:16,(anonymous_1647)
FN:16,(anonymous_1648)
FN:16,(anonymous_1649)
FN:16,(anonymous_1650)
FN:16,(anonymous_1651)
FN:16,k
FN:16,ee
FN:16,te
FN:16,i
FN:16,ne
FN:16,re
FN:16,A
FN:16,(anonymous_1659)
FN:16,(anonymous_1660)
FN:16,(anonymous_1661)
FN:16,(anonymous_1662)
FN:16,(anonymous_1663)
FN:16,(anonymous_1664)
FN:16,(anonymous_1665)
FN:16,(anonymous_1666)
FN:16,(anonymous_1667)
FN:16,(anonymous_1668)
FN:16,r
FN:16,(anonymous_1670)
FN:16,(anonymous_1671)
FN:16,(anonymous_1672)
FN:16,(anonymous_1673)
FN:16,(anonymous_1674)
FN:16,(anonymous_1675)
FN:16,(anonymous_1676)
FN:16,(anonymous_1677)
FN:16,(anonymous_1678)
FN:16,(anonymous_1679)
FN:16,(anonymous_1680)
FN:16,(anonymous_1681)
FN:16,(anonymous_1682)
FN:16,(anonymous_1683)
FN:16,(anonymous_1684)
FN:16,(anonymous_1685)
FN:16,(anonymous_1686)
FN:16,(anonymous_1687)
FN:16,(anonymous_1688)
FN:16,(anonymous_1689)
FN:16,(anonymous_1690)
FN:16,(anonymous_1691)
FN:16,(anonymous_1692)
FN:16,ce
FN:16,(anonymous_1694)
FN:16,le
FN:16,ue
FN:16,de
FN:16,fe
FN:16,o
FN:16,s
FN:16,c
FN:16,(anonymous_1702)
FN:16,(anonymous_1703)
FN:16,P
FN:16,(anonymous_1705)
FN:16,(anonymous_1706)
FN:16,pe
FN:16,(anonymous_1708)
FN:16,(anonymous_1709)
FN:16,F
FN:16,(anonymous_1711)
FN:16,me
FN:16,he
FN:16,ge
FN:16,(anonymous_1715)
FN:16,(anonymous_1716)
FN:16,_e
FN:16,(anonymous_1718)
FN:16,(anonymous_1719)
FN:16,(anonymous_1720)
FN:16,(anonymous_1721)
FN:16,(anonymous_1722)
FN:16,(anonymous_1723)
FN:16,(anonymous_1724)
FN:16,(anonymous_1725)
FN:16,(anonymous_1726)
FN:16,(anonymous_1727)
FN:16,(anonymous_1728)
FN:16,(anonymous_1729)
FN:16,(anonymous_1730)
FN:16,(anonymous_1731)
FN:16,(anonymous_1732)
FN:16,(anonymous_1733)
FN:16,h
FN:16,(anonymous_1735)
FN:16,(anonymous_1736)
FN:16,(anonymous_1737)
FN:16,(anonymous_1738)
FN:16,(anonymous_1739)
FN:16,(anonymous_1740)
FN:16,(anonymous_1741)
FN:16,(anonymous_1742)
FN:16,(anonymous_1743)
FN:16,(anonymous_1744)
FN:16,(anonymous_1745)
FN:16,(anonymous_1746)
FN:16,(anonymous_1747)
FN:16,(anonymous_1748)
FN:16,(anonymous_1749)
FN:16,(anonymous_1750)
FN:16,(anonymous_1751)
FN:16,(anonymous_1752)
FN:16,_
FN:16,s
FN:16,(anonymous_1755)
FN:16,c
FN:16,(anonymous_1757)
FN:16,(anonymous_1758)
FN:16,(anonymous_1759)
FN:16,(anonymous_1760)
FN:16,(anonymous_1761)
FN:16,(anonymous_1762)
FN:16,(anonymous_1763)
FN:16,y
FN:16,(anonymous_1765)
FN:16,(anonymous_1766)
FN:16,(anonymous_1767)
FN:16,l
FN:16,(anonymous_1769)
FN:16,(anonymous_1770)
FN:16,(anonymous_1771)
FN:16,(anonymous_1772)
FN:16,(anonymous_1773)
FN:16,(anonymous_1774)
FN:16,(anonymous_1775)
FN:16,(anonymous_1776)
FN:16,(anonymous_1777)
FN:16,(anonymous_1778)
FN:16,(anonymous_1779)
FN:16,(anonymous_1780)
FN:16,(anonymous_1781)
FN:16,(anonymous_1782)
FN:16,(anonymous_1783)
FN:16,(anonymous_1784)
FN:16,n
FN:16,r
FN:16,(anonymous_1787)
FN:16,(anonymous_1788)
FN:16,(anonymous_1789)
FN:16,(anonymous_1790)
FN:16,(anonymous_1791)
FN:16,(anonymous_1792)
FN:16,(anonymous_1793)
FN:16,(anonymous_1794)
FN:16,(anonymous_1795)
FN:16,h
FN:16,(anonymous_1797)
FN:16,(anonymous_1798)
FN:16,(anonymous_1799)
FN:16,(anonymous_1800)
FN:16,c
FN:16,(anonymous_1802)
FN:16,(anonymous_1803)
FN:16,(anonymous_1804)
FN:16,(anonymous_1805)
FN:16,(anonymous_1806)
FN:16,(anonymous_1807)
FN:16,(anonymous_1808)
FN:16,(anonymous_1809)
FN:16,(anonymous_1810)
FN:16,(anonymous_1811)
FN:16,v
FN:16,(anonymous_1813)
FN:16,(anonymous_1814)
FN:16,(anonymous_1815)
FN:16,t
FN:16,(anonymous_1817)
FN:16,n
FN:16,(anonymous_1819)
FN:16,(anonymous_1820)
FN:16,y
FN:16,(anonymous_1822)
FN:16,(anonymous_1823)
FN:16,(anonymous_1824)
FN:16,(anonymous_1825)
FN:16,(anonymous_1826)
FN:16,(anonymous_1827)
FN:16,(anonymous_1828)
FN:16,(anonymous_1829)
FN:16,b
FN:16,(anonymous_1831)
FN:16,(anonymous_1832)
FN:16,(anonymous_1833)
FN:16,(anonymous_1834)
FN:16,(anonymous_1835)
FN:16,(anonymous_1836)
FN:16,(anonymous_1837)
FN:16,(anonymous_1838)
FN:16,(anonymous_1839)
FN:16,(anonymous_1840)
FN:16,l
FN:16,u
FN:16,(anonymous_1843)
FN:16,(anonymous_1844)
FN:16,(anonymous_1845)
FN:16,(anonymous_1846)
FN:16,(anonymous_1847)
FN:16,(anonymous_1848)
FN:16,(anonymous_1849)
FN:16,e
FN:16,(anonymous_1851)
FN:16,(anonymous_1852)
FN:16,(anonymous_1853)
FN:16,(anonymous_1854)
FN:16,(anonymous_1855)
FN:16,(anonymous_1856)
FN:16,(anonymous_1857)
FN:16,(anonymous_1858)
FN:16,(anonymous_1859)
FN:16,(anonymous_1860)
FN:16,(anonymous_1861)
FN:16,(anonymous_1862)
FN:16,(anonymous_1863)
FN:16,(anonymous_1864)
FN:16,(anonymous_1865)
FN:16,(anonymous_1866)
FN:16,(anonymous_1867)
FN:16,n
FN:16,r
FN:16,i
FN:16,o
FN:16,s
FN:16,c
FN:16,l
FN:16,(anonymous_1875)
FN:16,(anonymous_1876)
FN:16,(anonymous_1877)
FN:16,(anonymous_1878)
FN:16,(anonymous_1879)
FN:16,(anonymous_1880)
FN:16,(anonymous_1881)
FN:16,_
FN:16,(anonymous_1883)
FN:16,v
FN:16,y
FN:16,b
FN:16,x
FN:16,S
FN:16,i
FN:16,(anonymous_1890)
FN:16,E
FN:16,D
FN:16,O
FN:16,k
FN:16,ee
FN:16,te
FN:16,ne
FN:16,re
FN:16,A
FN:16,j
FN:16,ie
FN:16,ae
FN:16,oe
FN:16,se
FN:16,M
FN:16,N
FN:16,(anonymous_1907)
FN:16,(anonymous_1908)
FN:16,(anonymous_1909)
FN:16,(anonymous_1910)
FN:16,(anonymous_1911)
FN:16,(anonymous_1912)
FN:16,(anonymous_1913)
FN:16,(anonymous_1914)
FN:16,(anonymous_1915)
FN:16,ue
FN:16,de
FN:16,fe
FN:16,P
FN:16,pe
FN:16,(anonymous_1921)
FN:16,F
FN:16,me
FN:16,(anonymous_1924)
FN:16,(anonymous_1925)
FN:16,(anonymous_1926)
FN:16,he
FN:16,ge
FN:16,(anonymous_1929)
FN:16,(anonymous_1930)
FN:16,(anonymous_1931)
FN:16,(anonymous_1932)
FN:16,(anonymous_1933)
FN:16,(anonymous_1934)
FN:16,(anonymous_1935)
FN:16,(anonymous_1936)
FN:16,(anonymous_1937)
FN:16,(anonymous_1938)
FN:16,(anonymous_1939)
FN:16,(anonymous_1940)
FN:16,(anonymous_1941)
FN:16,(anonymous_1942)
FN:16,(anonymous_1943)
FN:16,(anonymous_1944)
FN:16,(anonymous_1945)
FN:16,(anonymous_1946)
FN:16,(anonymous_1947)
FN:16,(anonymous_1948)
FN:16,(anonymous_1949)
FN:16,(anonymous_1950)
FN:16,(anonymous_1951)
FN:16,(anonymous_1952)
FN:16,(anonymous_1953)
FN:16,(anonymous_1954)
FN:16,(anonymous_1955)
FN:16,(anonymous_1956)
FN:16,(anonymous_1957)
FN:16,s
FN:16,c
FN:16,l
FN:16,u
FN:16,(anonymous_1962)
FN:16,d
FN:16,f
FN:16,p
FN:16,m
FN:16,h
FN:16,_
FN:16,(anonymous_1969)
FN:16,(anonymous_1970)
FN:16,(anonymous_1971)
FN:16,(anonymous_1972)
FN:16,(anonymous_1973)
FN:16,(anonymous_1974)
FN:16,(anonymous_1975)
FN:16,(anonymous_1976)
FN:16,(anonymous_1977)
FN:16,(anonymous_1978)
FN:16,(anonymous_1979)
FN:16,(anonymous_1980)
FN:16,(anonymous_1981)
FN:16,(anonymous_1982)
FN:16,(anonymous_1983)
FN:16,(anonymous_1984)
FN:16,(anonymous_1985)
FN:16,(anonymous_1986)
FN:16,(anonymous_1987)
FN:16,(anonymous_1988)
FN:16,(anonymous_1989)
FN:16,l
FN:16,u
FN:16,(anonymous_1992)
FN:16,(anonymous_1993)
FN:16,(anonymous_1994)
FN:16,(anonymous_1995)
FN:16,(anonymous_1996)
FN:16,(anonymous_1997)
FN:16,(anonymous_1998)
FN:16,(anonymous_1999)
FN:16,(anonymous_2000)
FN:16,(anonymous_2001)
FN:16,(anonymous_2002)
FN:16,(anonymous_2003)
FN:16,(anonymous_2004)
FN:16,(anonymous_2005)
FN:16,(anonymous_2006)
FN:16,(anonymous_2007)
FN:16,(anonymous_2008)
FN:16,(anonymous_2009)
FN:16,(anonymous_2010)
FN:16,(anonymous_2011)
FN:16,(anonymous_2012)
FN:16,(anonymous_2013)
FN:16,(anonymous_2014)
FN:16,(anonymous_2015)
FN:16,(anonymous_2016)
FN:16,(anonymous_2017)
FN:16,(anonymous_2018)
FN:16,(anonymous_2019)
FN:16,u
FN:16,(anonymous_2021)
FN:16,(anonymous_2022)
FN:16,(anonymous_2023)
FN:16,(anonymous_2024)
FN:16,(anonymous_2025)
FN:16,(anonymous_2026)
FN:16,(anonymous_2027)
FN:16,(anonymous_2028)
FN:16,(anonymous_2029)
FN:16,(anonymous_2030)
FN:16,(anonymous_2031)
FN:16,(anonymous_2032)
FN:16,(anonymous_2033)
FN:16,(anonymous_2034)
FN:16,w
FN:16,(anonymous_2036)
FN:16,(anonymous_2037)
FN:16,(anonymous_2038)
FN:16,(anonymous_2039)
FN:16,(anonymous_2040)
FN:16,(anonymous_2041)
FN:16,n
FN:16,(anonymous_2043)
FN:16,(anonymous_2044)
FN:16,(anonymous_2045)
FN:16,(anonymous_2046)
FN:16,(anonymous_2047)
FN:16,(anonymous_2048)
FN:16,(anonymous_2049)
FN:16,(anonymous_2050)
FN:16,n
FN:16,(anonymous_2052)
FN:16,a
FN:16,(anonymous_2054)
FN:16,(anonymous_2055)
FN:16,(anonymous_2056)
FN:16,(anonymous_2057)
FN:16,(anonymous_2058)
FN:16,(anonymous_2059)
FN:16,(anonymous_2060)
FN:16,n
FN:16,(anonymous_2062)
FN:16,(anonymous_2063)
FN:16,(anonymous_2064)
FN:16,n
FN:16,(anonymous_2066)
FN:16,(anonymous_2067)
FN:16,(anonymous_2068)
FN:16,n
FN:16,(anonymous_2070)
FN:16,(anonymous_2071)
FN:16,(anonymous_2072)
FN:16,n
FN:16,(anonymous_2074)
FN:16,(anonymous_2075)
FN:16,(anonymous_2076)
FN:16,n
FN:16,(anonymous_2078)
FN:16,(anonymous_2079)
FN:16,(anonymous_2080)
FN:16,(anonymous_2081)
FN:16,n
FN:16,(anonymous_2083)
FN:16,(anonymous_2084)
FN:16,(anonymous_2085)
FN:16,(anonymous_2086)
FN:16,(anonymous_2087)
FN:16,(anonymous_2088)
FN:16,(anonymous_2089)
FN:16,(anonymous_2090)
FN:16,(anonymous_2091)
FN:16,(anonymous_2092)
FN:16,(anonymous_2093)
FN:16,(anonymous_2094)
FN:16,(anonymous_2095)
FN:16,(anonymous_2096)
FN:16,(anonymous_2097)
FN:16,(anonymous_2098)
FN:16,(anonymous_2099)
FN:16,(anonymous_2100)
FN:16,(anonymous_2101)
FN:16,(anonymous_2102)
FN:16,(anonymous_2103)
FN:16,(anonymous_2104)
FN:16,(anonymous_2105)
FN:16,(anonymous_2106)
FN:16,(anonymous_2107)
FN:16,Ki
FN:16,qi
FN:16,(anonymous_2110)
FN:16,H
FN:16,(anonymous_2112)
FN:16,(anonymous_2113)
FN:16,Ji
FN:16,Yi
FN:16,(anonymous_2116)
FN:16,(anonymous_2117)
FN:16,(anonymous_2118)
FN:16,(anonymous_2119)
FN:16,eo
FN:16,(anonymous_2121)
FN:16,mo
FN:16,ho
FN:16,(anonymous_2124)
FN:16,(anonymous_2125)
FN:16,(anonymous_2126)
FN:16,(anonymous_2127)
FN:16,(anonymous_2128)
FN:16,(anonymous_2129)
FN:16,(anonymous_2130)
FN:16,(anonymous_2131)
FN:16,yo
FN:16,(anonymous_2133)
FN:16,So
FN:16,wo
FN:16,To
FN:16,Eo
FN:16,(anonymous_2138)
FN:16,Do
FN:16,Oo
FN:16,(anonymous_2141)
FN:16,ko
FN:16,(anonymous_2143)
FN:16,Ao
FN:16,jo
FN:16,Mo
FN:569,Po
FN:569,Io
FN:569,(anonymous_2149)
FN:569,(anonymous_2150)
FN:569,(anonymous_2151)
FN:569,(anonymous_2152)
FN:569,(anonymous_2153)
FN:569,(anonymous_2154)
FN:569,Uo
FN:569,Wo
FN:569,Go
FN:569,(anonymous_2158)
FN:569,(anonymous_2159)
FN:569,(anonymous_2160)
FN:569,Jo
FN:569,Yo
FN:569,Xo
FN:569,Zo
FN:569,(anonymous_2165)
FN:569,Qo
FN:569,(anonymous_2167)
FN:569,ls
FN:569,us
FN:569,(anonymous_2170)
FN:569,(anonymous_2171)
FN:569,(anonymous_2172)
FN:569,(anonymous_2173)
FN:569,(anonymous_2174)
FN:569,(anonymous_2175)
FN:569,(anonymous_2176)
FN:569,(anonymous_2177)
FN:569,(anonymous_2178)
FN:569,(anonymous_2179)
FN:569,(anonymous_2180)
FN:569,(anonymous_2181)
FN:569,(anonymous_2182)
FN:569,fs
FN:569,ps
FN:569,ms
FN:569,hs
FN:569,gs
FN:569,_s
FN:569,(anonymous_2189)
FN:569,ys
FN:569,(anonymous_2191)
FN:569,(anonymous_2192)
FN:569,(anonymous_2193)
FN:569,bs
FN:569,xs
FN:569,(anonymous_2196)
FN:569,Ss
FN:569,(anonymous_2198)
FN:569,Cs
FN:569,(anonymous_2200)
FN:569,(anonymous_2201)
FN:569,(anonymous_2202)
FN:569,ws
FN:569,(anonymous_2204)
FN:569,(anonymous_2205)
FN:569,(anonymous_2206)
FN:569,Ds
FN:569,(anonymous_2208)
FN:569,(anonymous_2209)
FN:569,(anonymous_2210)
FN:569,(anonymous_2211)
FN:569,(anonymous_2212)
FN:569,(anonymous_2213)
FN:569,(anonymous_2214)
FN:569,(anonymous_2215)
FN:569,Ns
FN:569,(anonymous_2217)
FN:569,(anonymous_2218)
FN:569,(anonymous_2219)
FN:569,(anonymous_2220)
FN:569,(anonymous_2221)
FN:569,Ps
FN:569,(anonymous_2223)
FN:569,Fs
FN:569,(anonymous_2225)
FN:569,Is
FN:569,Ls
FN:569,(anonymous_2228)
FN:569,(anonymous_2229)
FN:569,(anonymous_2230)
FN:569,(anonymous_2231)
FN:569,(anonymous_2232)
FN:569,(anonymous_2233)
FN:569,Vs
FN:569,(anonymous_2235)
FN:569,(anonymous_2236)
FN:569,(anonymous_2237)
FN:569,Hs
FN:569,Us
FN:569,Ws
FN:569,(anonymous_2241)
FN:569,(anonymous_2242)
FN:569,Gs
FN:569,Ks
FN:569,Js
FN:569,Xs
FN:569,Zs
FN:569,(anonymous_2248)
FN:569,(anonymous_2249)
FN:569,(anonymous_2250)
FN:569,(anonymous_2251)
FN:569,(anonymous_2252)
FN:569,(anonymous_2253)
FN:569,ac
FN:569,oc
FN:569,sc
FN:569,cc
FN:569,lc
FN:569,uc
FN:569,dc
FN:569,(anonymous_2261)
FN:569,(anonymous_2262)
FN:569,fc
FN:569,(anonymous_2264)
FN:569,(anonymous_2265)
FN:569,(anonymous_2266)
FN:569,(anonymous_2267)
FN:569,(anonymous_2268)
FN:570,mc
FN:570,hc
FN:570,(anonymous_2271)
FN:570,_c
FN:570,vc
FN:570,bc
FN:570,(anonymous_2275)
FN:570,(anonymous_2276)
FN:570,xc
FN:570,Sc
FN:570,(anonymous_2279)
FN:570,Cc
FN:570,wc
FN:570,(anonymous_2282)
FN:570,Tc
FN:570,Ec
FN:570,Oc
FN:570,kc
FN:570,Ac
FN:570,(anonymous_2288)
FN:570,(anonymous_2289)
FN:570,(anonymous_2290)
FN:570,(anonymous_2291)
FN:570,(anonymous_2292)
FN:570,(anonymous_2293)
FN:570,(anonymous_2294)
FN:570,(anonymous_2295)
FN:570,jc
FN:570,(anonymous_2297)
FN:570,Mc
FN:570,(anonymous_2299)
FN:570,(anonymous_2300)
FN:570,(anonymous_2301)
FN:570,(anonymous_2302)
FN:570,(anonymous_2303)
FN:570,(anonymous_2304)
FN:570,(anonymous_2305)
FN:570,(anonymous_2306)
FN:570,(anonymous_2307)
FN:570,(anonymous_2308)
FN:570,(anonymous_2309)
FN:570,(anonymous_2310)
FN:570,(anonymous_2311)
FN:570,(anonymous_2312)
FN:570,(anonymous_2313)
FN:570,(anonymous_2314)
FN:570,(anonymous_2315)
FN:570,(anonymous_2316)
FN:570,(anonymous_2317)
FN:570,(anonymous_2318)
FN:570,(anonymous_2319)
FN:570,(anonymous_2320)
FN:570,(anonymous_2321)
FN:570,(anonymous_2322)
FN:570,(anonymous_2323)
FN:570,(anonymous_2324)
FN:570,(anonymous_2325)
FN:570,(anonymous_2326)
FN:570,Uc
FN:570,Wc
FN:570,Gc
FN:570,(anonymous_2330)
FN:570,(anonymous_2331)
FN:570,(anonymous_2332)
FN:570,(anonymous_2333)
FN:571,Kc
FN:571,qc
FN:571,Jc
FN:571,(anonymous_2337)
FN:571,(anonymous_2338)
FN:571,(anonymous_2339)
FN:571,(anonymous_2340)
FN:571,(anonymous_2341)
FN:571,(anonymous_2342)
FN:571,(anonymous_2343)
FN:571,(anonymous_2344)
FN:571,(anonymous_2345)
FN:571,(anonymous_2346)
FN:571,(anonymous_2347)
FN:571,(anonymous_2348)
FN:571,(anonymous_2349)
FN:571,(anonymous_2350)
FN:571,(anonymous_2351)
FN:571,(anonymous_2352)
FN:571,(anonymous_2353)
FN:571,(anonymous_2354)
FN:571,(anonymous_2355)
FN:571,(anonymous_2356)
FN:571,(anonymous_2357)
FN:571,tl
FN:571,nl
FN:571,(anonymous_2360)
FN:571,(anonymous_2361)
FN:571,(anonymous_2362)
FN:571,(anonymous_2363)
FN:571,(anonymous_2364)
FN:571,(anonymous_2365)
FN:571,(anonymous_2366)
FN:571,(anonymous_2367)
FN:571,(anonymous_2368)
FN:571,ol
FN:571,sl
FN:571,(anonymous_2371)
FN:571,(anonymous_2372)
FN:571,ll
FN:571,fl
FN:571,pl
FN:571,(anonymous_2376)
FN:571,(anonymous_2377)
FN:571,(anonymous_2378)
FN:571,(anonymous_2379)
FN:571,(anonymous_2380)
FN:571,(anonymous_2381)
FN:571,(anonymous_2382)
FN:571,Dl
FN:571,Ol
FN:571,(anonymous_2385)
FN:571,Al
FN:571,jl
FN:571,(anonymous_2388)
FN:571,(anonymous_2389)
FN:571,(anonymous_2390)
FN:571,(anonymous_2391)
FN:571,(anonymous_2392)
FN:571,(anonymous_2393)
FN:571,(anonymous_2394)
FN:571,(anonymous_2395)
FN:571,(anonymous_2396)
FN:571,(anonymous_2397)
FN:571,(anonymous_2398)
FN:571,X
FN:571,(anonymous_2400)
FN:571,(anonymous_2401)
FN:571,(anonymous_2402)
FN:571,(anonymous_2403)
FN:571,(anonymous_2404)
FN:571,(anonymous_2405)
FN:571,(anonymous_2406)
FN:571,(anonymous_2407)
FN:571,(anonymous_2408)
FN:571,o
FN:571,(anonymous_2410)
FN:571,(anonymous_2411)
FN:571,(anonymous_2412)
FN:571,s
FN:571,(anonymous_2414)
FN:571,(anonymous_2415)
FN:571,(anonymous_2416)
FN:571,i
FN:571,(anonymous_2418)
FN:571,(anonymous_2419)
FN:571,(anonymous_2420)
FN:571,(anonymous_2421)
FN:571,(anonymous_2422)
FN:571,(anonymous_2423)
FN:571,(anonymous_2424)
FN:571,(anonymous_2425)
FN:571,(anonymous_2426)
FN:571,(anonymous_2427)
FN:571,(anonymous_2428)
FN:571,(anonymous_2429)
FN:571,(anonymous_2430)
FN:571,(anonymous_2431)
FN:571,(anonymous_2432)
FN:571,(anonymous_2433)
FN:571,(anonymous_2434)
FN:571,(anonymous_2435)
FN:571,(anonymous_2436)
FN:571,(anonymous_2437)
FN:571,Tu
FN:571,(anonymous_2439)
FN:571,(anonymous_2440)
FN:571,(anonymous_2441)
FN:571,(anonymous_2442)
FN:571,(anonymous_2443)
FN:571,(anonymous_2444)
FN:571,(anonymous_2445)
FN:571,(anonymous_2446)
FN:571,Ou
FN:571,(anonymous_2448)
FN:571,ku
FN:571,(anonymous_2450)
FN:571,Au
FN:571,(anonymous_2452)
FN:571,ju
FN:571,(anonymous_2454)
FN:571,(anonymous_2455)
FN:571,(anonymous_2456)
FN:571,(anonymous_2457)
FN:571,(anonymous_2458)
FN:571,(anonymous_2459)
FN:571,(anonymous_2460)
FN:571,(anonymous_2461)
FN:571,(anonymous_2462)
FN:571,(anonymous_2463)
FN:571,(anonymous_2464)
FN:571,(anonymous_2465)
FN:575,(anonymous_2466)
FN:575,(anonymous_2467)
FN:575,(anonymous_2468)
FN:575,(anonymous_2469)
FN:575,(anonymous_2470)
FN:575,(anonymous_2471)
FN:575,Iu
FN:575,(anonymous_2473)
FN:575,(anonymous_2474)
FN:575,(anonymous_2475)
FN:575,(anonymous_2476)
FN:575,(anonymous_2477)
FN:575,(anonymous_2478)
FN:575,(anonymous_2479)
FN:575,(anonymous_2480)
FN:575,(anonymous_2481)
FNF:2482
FNH:806
FNDA:0,(anonymous_0)
FNDA:0,(anonymous_1)
FNDA:102,(anonymous_2)
FNDA:159,(anonymous_3)
FNDA:54,(anonymous_4)
FNDA:6,(anonymous_5)
FNDA:706,(anonymous_6)
FNDA:6,(anonymous_7)
FNDA:3,(anonymous_8)
FNDA:0,(anonymous_9)
FNDA:0,t
FNDA:0,n
FNDA:3,(anonymous_12)
FNDA:0,(anonymous_13)
FNDA:6,(anonymous_14)
FNDA:0,(anonymous_15)
FNDA:0,(anonymous_16)
FNDA:0,(anonymous_17)
FNDA:0,(anonymous_18)
FNDA:0,(anonymous_19)
FNDA:6,(anonymous_20)
FNDA:0,(anonymous_21)
FNDA:0,(anonymous_22)
FNDA:0,(anonymous_23)
FNDA:6,(anonymous_24)
FNDA:41,f
FNDA:551,(anonymous_26)
FNDA:0,(anonymous_27)
FNDA:3,(anonymous_28)
FNDA:0,(anonymous_29)
FNDA:0,(anonymous_30)
FNDA:0,(anonymous_31)
FNDA:6,(anonymous_32)
FNDA:6,(anonymous_33)
FNDA:0,(anonymous_34)
FNDA:3,(anonymous_35)
FNDA:0,(anonymous_36)
FNDA:0,(anonymous_37)
FNDA:0,(anonymous_38)
FNDA:3,(anonymous_39)
FNDA:3,(anonymous_40)
FNDA:6,(anonymous_41)
FNDA:6,(anonymous_42)
FNDA:3,(anonymous_43)
FNDA:0,(anonymous_44)
FNDA:0,(anonymous_45)
FNDA:18,(anonymous_46)
FNDA:3,(anonymous_47)
FNDA:0,(anonymous_48)
FNDA:0,(anonymous_49)
FNDA:31,(anonymous_50)
FNDA:9,(anonymous_51)
FNDA:15,(anonymous_52)
FNDA:0,(anonymous_53)
FNDA:0,(anonymous_54)
FNDA:0,(anonymous_55)
FNDA:0,(anonymous_56)
FNDA:3,(anonymous_57)
FNDA:0,(anonymous_58)
FNDA:0,(anonymous_59)
FNDA:0,(anonymous_60)
FNDA:3,(anonymous_61)
FNDA:3,(anonymous_62)
FNDA:3,(anonymous_63)
FNDA:126,(anonymous_64)
FNDA:3,(anonymous_65)
FNDA:3,(anonymous_66)
FNDA:0,(anonymous_67)
FNDA:24,(anonymous_68)
FNDA:105,(anonymous_69)
FNDA:27,(anonymous_70)
FNDA:3,(anonymous_71)
FNDA:3,(anonymous_72)
FNDA:3,(anonymous_73)
FNDA:3,(anonymous_74)
FNDA:0,(anonymous_75)
FNDA:9,(anonymous_76)
FNDA:318,D
FNDA:70,O
FNDA:318,(anonymous_79)
FNDA:0,(anonymous_80)
FNDA:0,ae
FNDA:52,(anonymous_82)
FNDA:204,se
FNDA:248,M
FNDA:248,N
FNDA:32,ce
FNDA:41,ue
FNDA:31,(anonymous_88)
FNDA:3,de
FNDA:3,fe
FNDA:0,(anonymous_91)
FNDA:3,(anonymous_92)
FNDA:3,(anonymous_93)
FNDA:3,(anonymous_94)
FNDA:0,(anonymous_95)
FNDA:15,(anonymous_96)
FNDA:0,(anonymous_97)
FNDA:6,ge
FNDA:146,n
FNDA:6,_e
FNDA:32,n
FNDA:121,(anonymous_102)
FNDA:32,(anonymous_103)
FNDA:292,(anonymous_104)
FNDA:32,(anonymous_105)
FNDA:57,(anonymous_106)
FNDA:6,(anonymous_107)
FNDA:32,(anonymous_108)
FNDA:0,(anonymous_109)
FNDA:0,(anonymous_110)
FNDA:0,(anonymous_111)
FNDA:0,(anonymous_112)
FNDA:16,(anonymous_113)
FNDA:0,(anonymous_114)
FNDA:0,(anonymous_115)
FNDA:16,(anonymous_116)
FNDA:32,(anonymous_117)
FNDA:57,(anonymous_118)
FNDA:0,(anonymous_119)
FNDA:3,(anonymous_120)
FNDA:0,(anonymous_121)
FNDA:3,(anonymous_122)
FNDA:3,(anonymous_123)
FNDA:3,(anonymous_124)
FNDA:0,(anonymous_125)
FNDA:16,(anonymous_126)
FNDA:16,(anonymous_127)
FNDA:15,(anonymous_128)
FNDA:3,(anonymous_129)
FNDA:0,(anonymous_130)
FNDA:0,(anonymous_131)
FNDA:0,(anonymous_132)
FNDA:3,(anonymous_133)
FNDA:0,(anonymous_134)
FNDA:0,(anonymous_135)
FNDA:3,(anonymous_136)
FNDA:0,(anonymous_137)
FNDA:0,(anonymous_138)
FNDA:0,(anonymous_139)
FNDA:0,(anonymous_140)
FNDA:0,(anonymous_141)
FNDA:0,(anonymous_142)
FNDA:0,(anonymous_143)
FNDA:16,(anonymous_144)
FNDA:10,(anonymous_145)
FNDA:16,(anonymous_146)
FNDA:0,(anonymous_147)
FNDA:6,(anonymous_148)
FNDA:0,(anonymous_149)
FNDA:0,(anonymous_150)
FNDA:0,(anonymous_151)
FNDA:0,(anonymous_152)
FNDA:9,(anonymous_153)
FNDA:144,(anonymous_154)
FNDA:36,(anonymous_155)
FNDA:18,(anonymous_156)
FNDA:18,(anonymous_157)
FNDA:18,(anonymous_158)
FNDA:54,(anonymous_159)
FNDA:3,(anonymous_160)
FNDA:0,(anonymous_161)
FNDA:0,(anonymous_162)
FNDA:0,(anonymous_163)
FNDA:3,ke
FNDA:0,(anonymous_165)
FNDA:0,(anonymous_166)
FNDA:0,(anonymous_167)
FNDA:0,(anonymous_168)
FNDA:0,(anonymous_169)
FNDA:0,(anonymous_170)
FNDA:0,(anonymous_171)
FNDA:0,(anonymous_172)
FNDA:0,(anonymous_173)
FNDA:0,(anonymous_174)
FNDA:0,(anonymous_175)
FNDA:0,(anonymous_176)
FNDA:0,(anonymous_177)
FNDA:0,(anonymous_178)
FNDA:21,Pe
FNDA:12,Fe
FNDA:6,n
FNDA:0,r
FNDA:3,Ie
FNDA:0,(anonymous_184)
FNDA:0,(anonymous_185)
FNDA:0,(anonymous_186)
FNDA:0,(anonymous_187)
FNDA:0,(anonymous_188)
FNDA:0,(anonymous_189)
FNDA:0,(anonymous_190)
FNDA:0,(anonymous_191)
FNDA:0,(anonymous_192)
FNDA:0,(anonymous_193)
FNDA:0,(anonymous_194)
FNDA:0,(anonymous_195)
FNDA:0,(anonymous_196)
FNDA:0,(anonymous_197)
FNDA:0,(anonymous_198)
FNDA:0,(anonymous_199)
FNDA:0,(anonymous_200)
FNDA:0,(anonymous_201)
FNDA:0,(anonymous_202)
FNDA:0,(anonymous_203)
FNDA:0,(anonymous_204)
FNDA:0,(anonymous_205)
FNDA:0,(anonymous_206)
FNDA:0,(anonymous_207)
FNDA:0,(anonymous_208)
FNDA:0,(anonymous_209)
FNDA:0,(anonymous_210)
FNDA:0,(anonymous_211)
FNDA:0,(anonymous_212)
FNDA:0,(anonymous_213)
FNDA:0,(anonymous_214)
FNDA:0,(anonymous_215)
FNDA:0,(anonymous_216)
FNDA:0,(anonymous_217)
FNDA:0,(anonymous_218)
FNDA:0,(anonymous_219)
FNDA:0,(anonymous_220)
FNDA:0,(anonymous_221)
FNDA:0,(anonymous_222)
FNDA:0,(anonymous_223)
FNDA:0,(anonymous_224)
FNDA:0,(anonymous_225)
FNDA:0,(anonymous_226)
FNDA:0,(anonymous_227)
FNDA:0,(anonymous_228)
FNDA:0,(anonymous_229)
FNDA:0,(anonymous_230)
FNDA:0,(anonymous_231)
FNDA:0,(anonymous_232)
FNDA:0,(anonymous_233)
FNDA:0,(anonymous_234)
FNDA:0,(anonymous_235)
FNDA:0,(anonymous_236)
FNDA:0,(anonymous_237)
FNDA:0,(anonymous_238)
FNDA:0,(anonymous_239)
FNDA:0,(anonymous_240)
FNDA:0,(anonymous_241)
FNDA:0,(anonymous_242)
FNDA:0,(anonymous_243)
FNDA:0,(anonymous_244)
FNDA:0,(anonymous_245)
FNDA:0,(anonymous_246)
FNDA:0,(anonymous_247)
FNDA:0,(anonymous_248)
FNDA:0,(anonymous_249)
FNDA:0,(anonymous_250)
FNDA:0,(anonymous_251)
FNDA:0,(anonymous_252)
FNDA:0,(anonymous_253)
FNDA:0,(anonymous_254)
FNDA:0,He
FNDA:0,(anonymous_256)
FNDA:0,(anonymous_257)
FNDA:0,(anonymous_258)
FNDA:0,(anonymous_259)
FNDA:0,(anonymous_260)
FNDA:0,(anonymous_261)
FNDA:0,(anonymous_262)
FNDA:0,(anonymous_263)
FNDA:0,(anonymous_264)
FNDA:0,(anonymous_265)
FNDA:0,(anonymous_266)
FNDA:0,(anonymous_267)
FNDA:0,(anonymous_268)
FNDA:0,(anonymous_269)
FNDA:0,(anonymous_270)
FNDA:0,(anonymous_271)
FNDA:0,(anonymous_272)
FNDA:0,(anonymous_273)
FNDA:0,(anonymous_274)
FNDA:6,(anonymous_275)
FNDA:6,(anonymous_276)
FNDA:3,(anonymous_277)
FNDA:3,(anonymous_278)
FNDA:0,(anonymous_279)
FNDA:3,(anonymous_280)
FNDA:3,(anonymous_281)
FNDA:3,(anonymous_282)
FNDA:0,(anonymous_283)
FNDA:0,(anonymous_284)
FNDA:0,(anonymous_285)
FNDA:3,(anonymous_286)
FNDA:3,(anonymous_287)
FNDA:0,(anonymous_288)
FNDA:3,(anonymous_289)
FNDA:6,(anonymous_290)
FNDA:264,(anonymous_291)
FNDA:240,(anonymous_292)
FNDA:3,(anonymous_293)
FNDA:6,(anonymous_294)
FNDA:6,(anonymous_295)
FNDA:0,a
FNDA:0,(anonymous_297)
FNDA:0,(anonymous_298)
FNDA:0,(anonymous_299)
FNDA:6,(anonymous_300)
FNDA:6,(anonymous_301)
FNDA:6,(anonymous_302)
FNDA:0,(anonymous_303)
FNDA:6,(anonymous_304)
FNDA:0,(anonymous_305)
FNDA:6,(anonymous_306)
FNDA:3,(anonymous_307)
FNDA:3,(anonymous_308)
FNDA:3,(anonymous_309)
FNDA:3,(anonymous_310)
FNDA:3,(anonymous_311)
FNDA:3,(anonymous_312)
FNDA:0,(anonymous_313)
FNDA:0,(anonymous_314)
FNDA:0,(anonymous_315)
FNDA:0,(anonymous_316)
FNDA:3,(anonymous_317)
FNDA:0,(anonymous_318)
FNDA:0,(anonymous_319)
FNDA:0,(anonymous_320)
FNDA:0,(anonymous_321)
FNDA:3,(anonymous_322)
FNDA:3,(anonymous_323)
FNDA:0,(anonymous_324)
FNDA:0,(anonymous_325)
FNDA:0,(anonymous_326)
FNDA:0,(anonymous_327)
FNDA:3,(anonymous_328)
FNDA:0,(anonymous_329)
FNDA:0,(anonymous_330)
FNDA:6,(anonymous_331)
FNDA:3,(anonymous_332)
FNDA:3,(anonymous_333)
FNDA:3,(anonymous_334)
FNDA:0,(anonymous_335)
FNDA:0,(anonymous_336)
FNDA:0,(anonymous_337)
FNDA:0,(anonymous_338)
FNDA:0,(anonymous_339)
FNDA:0,(anonymous_340)
FNDA:0,(anonymous_341)
FNDA:0,(anonymous_342)
FNDA:0,(anonymous_343)
FNDA:3,(anonymous_344)
FNDA:0,(anonymous_345)
FNDA:3,(anonymous_346)
FNDA:3,e
FNDA:3,(anonymous_348)
FNDA:15,(anonymous_349)
FNDA:9,(anonymous_350)
FNDA:0,(anonymous_351)
FNDA:0,(anonymous_352)
FNDA:0,(anonymous_353)
FNDA:0,(anonymous_354)
FNDA:0,(anonymous_355)
FNDA:0,(anonymous_356)
FNDA:0,(anonymous_357)
FNDA:0,(anonymous_358)
FNDA:0,(anonymous_359)
FNDA:0,(anonymous_360)
FNDA:0,(anonymous_361)
FNDA:0,(anonymous_362)
FNDA:3,(anonymous_363)
FNDA:0,(anonymous_364)
FNDA:3,(anonymous_365)
FNDA:3,(anonymous_366)
FNDA:3,(anonymous_367)
FNDA:6,lt
FNDA:6,i
FNDA:0,(anonymous_370)
FNDA:6,(anonymous_371)
FNDA:6,a
FNDA:0,o
FNDA:12,s
FNDA:3,(anonymous_375)
FNDA:0,(anonymous_376)
FNDA:0,(anonymous_377)
FNDA:6,(anonymous_378)
FNDA:6,(anonymous_379)
FNDA:0,(anonymous_380)
FNDA:0,(anonymous_381)
FNDA:0,(anonymous_382)
FNDA:3,(anonymous_383)
FNDA:0,(anonymous_384)
FNDA:3,(anonymous_385)
FNDA:3,(anonymous_386)
FNDA:3,(anonymous_387)
FNDA:3,(anonymous_388)
FNDA:3,(anonymous_389)
FNDA:3,(anonymous_390)
FNDA:3,(anonymous_391)
FNDA:3,(anonymous_392)
FNDA:0,(anonymous_393)
FNDA:12,(anonymous_394)
FNDA:12,(anonymous_395)
FNDA:24,(anonymous_396)
FNDA:3,(anonymous_397)
FNDA:0,(anonymous_398)
FNDA:15,(anonymous_399)
FNDA:3,(anonymous_400)
FNDA:3,(anonymous_401)
FNDA:3,(anonymous_402)
FNDA:3,(anonymous_403)
FNDA:3,(anonymous_404)
FNDA:3,(anonymous_405)
FNDA:3,(anonymous_406)
FNDA:3,(anonymous_407)
FNDA:3,(anonymous_408)
FNDA:3,(anonymous_409)
FNDA:0,(anonymous_410)
FNDA:0,(anonymous_411)
FNDA:3,(anonymous_412)
FNDA:3,(anonymous_413)
FNDA:3,(anonymous_414)
FNDA:3,(anonymous_415)
FNDA:3,(anonymous_416)
FNDA:3,(anonymous_417)
FNDA:3,(anonymous_418)
FNDA:3,(anonymous_419)
FNDA:12,(anonymous_420)
FNDA:9,(anonymous_421)
FNDA:3,(anonymous_422)
FNDA:3,(anonymous_423)
FNDA:4,(anonymous_424)
FNDA:0,(anonymous_425)
FNDA:0,(anonymous_426)
FNDA:0,(anonymous_427)
FNDA:3,(anonymous_428)
FNDA:0,(anonymous_429)
FNDA:0,(anonymous_430)
FNDA:3,(anonymous_431)
FNDA:0,(anonymous_432)
FNDA:0,(anonymous_433)
FNDA:0,(anonymous_434)
FNDA:3,(anonymous_435)
FNDA:3,(anonymous_436)
FNDA:0,(anonymous_437)
FNDA:3,(anonymous_438)
FNDA:0,(anonymous_439)
FNDA:3,(anonymous_440)
FNDA:3,(anonymous_441)
FNDA:12,(anonymous_442)
FNDA:0,(anonymous_443)
FNDA:0,(anonymous_444)
FNDA:0,(anonymous_445)
FNDA:3,(anonymous_446)
FNDA:0,(anonymous_447)
FNDA:6,Tt
FNDA:0,(anonymous_449)
FNDA:0,(anonymous_450)
FNDA:0,(anonymous_451)
FNDA:0,(anonymous_452)
FNDA:0,(anonymous_453)
FNDA:0,(anonymous_454)
FNDA:0,(anonymous_455)
FNDA:0,(anonymous_456)
FNDA:0,(anonymous_457)
FNDA:0,(anonymous_458)
FNDA:0,(anonymous_459)
FNDA:0,(anonymous_460)
FNDA:6,Ot
FNDA:3,(anonymous_462)
FNDA:0,(anonymous_463)
FNDA:0,(anonymous_464)
FNDA:0,(anonymous_465)
FNDA:0,(anonymous_466)
FNDA:0,(anonymous_467)
FNDA:0,(anonymous_468)
FNDA:0,(anonymous_469)
FNDA:0,(anonymous_470)
FNDA:0,(anonymous_471)
FNDA:0,(anonymous_472)
FNDA:0,(anonymous_473)
FNDA:0,(anonymous_474)
FNDA:0,(anonymous_475)
FNDA:0,(anonymous_476)
FNDA:0,(anonymous_477)
FNDA:0,(anonymous_478)
FNDA:0,(anonymous_479)
FNDA:0,(anonymous_480)
FNDA:0,(anonymous_481)
FNDA:0,(anonymous_482)
FNDA:0,(anonymous_483)
FNDA:0,(anonymous_484)
FNDA:0,(anonymous_485)
FNDA:3,(anonymous_486)
FNDA:0,(anonymous_487)
FNDA:0,(anonymous_488)
FNDA:0,(anonymous_489)
FNDA:0,(anonymous_490)
FNDA:3,(anonymous_491)
FNDA:0,(anonymous_492)
FNDA:0,(anonymous_493)
FNDA:3,(anonymous_494)
FNDA:3,(anonymous_495)
FNDA:3,(anonymous_496)
FNDA:0,(anonymous_497)
FNDA:0,(anonymous_498)
FNDA:0,(anonymous_499)
FNDA:0,(anonymous_500)
FNDA:0,(anonymous_501)
FNDA:3,(anonymous_502)
FNDA:3,(anonymous_503)
FNDA:3,(anonymous_504)
FNDA:6,(anonymous_505)
FNDA:0,It
FNDA:0,i
FNDA:0,(anonymous_508)
FNDA:0,(anonymous_509)
FNDA:0,o
FNDA:0,s
FNDA:0,c
FNDA:3,zt
FNDA:0,f
FNDA:0,(anonymous_515)
FNDA:0,(anonymous_516)
FNDA:0,(anonymous_517)
FNDA:0,(anonymous_518)
FNDA:3,_
FNDA:0,(anonymous_520)
FNDA:0,(anonymous_521)
FNDA:3,v
FNDA:0,y
FNDA:0,T
FNDA:0,E
FNDA:0,D
FNDA:0,O
FNDA:0,(anonymous_528)
FNDA:0,ee
FNDA:0,te
FNDA:0,(anonymous_531)
FNDA:0,ne
FNDA:0,(anonymous_533)
FNDA:0,re
FNDA:0,(anonymous_535)
FNDA:0,(anonymous_536)
FNDA:0,(anonymous_537)
FNDA:0,(anonymous_538)
FNDA:0,(anonymous_539)
FNDA:0,(anonymous_540)
FNDA:0,(anonymous_541)
FNDA:0,(anonymous_542)
FNDA:0,(anonymous_543)
FNDA:0,(anonymous_544)
FNDA:0,(anonymous_545)
FNDA:0,(anonymous_546)
FNDA:0,(anonymous_547)
FNDA:0,(anonymous_548)
FNDA:0,(anonymous_549)
FNDA:0,(anonymous_550)
FNDA:0,(anonymous_551)
FNDA:0,(anonymous_552)
FNDA:0,(anonymous_553)
FNDA:0,(anonymous_554)
FNDA:0,(anonymous_555)
FNDA:0,(anonymous_556)
FNDA:0,(anonymous_557)
FNDA:0,(anonymous_558)
FNDA:0,(anonymous_559)
FNDA:0,(anonymous_560)
FNDA:0,(anonymous_561)
FNDA:0,(anonymous_562)
FNDA:0,(anonymous_563)
FNDA:0,(anonymous_564)
FNDA:0,(anonymous_565)
FNDA:0,(anonymous_566)
FNDA:0,(anonymous_567)
FNDA:3,(anonymous_568)
FNDA:0,(anonymous_569)
FNDA:0,(anonymous_570)
FNDA:0,(anonymous_571)
FNDA:3,(anonymous_572)
FNDA:3,(anonymous_573)
FNDA:0,m
FNDA:0,(anonymous_575)
FNDA:0,(anonymous_576)
FNDA:0,(anonymous_577)
FNDA:0,(anonymous_578)
FNDA:6,y
FNDA:0,(anonymous_580)
FNDA:0,(anonymous_581)
FNDA:3,b
FNDA:0,x
FNDA:0,w
FNDA:101,D
FNDA:12,O
FNDA:60,k
FNDA:0,ee
FNDA:0,(anonymous_589)
FNDA:60,ne
FNDA:0,re
FNDA:0,(anonymous_592)
FNDA:0,(anonymous_593)
FNDA:69,A
FNDA:0,(anonymous_595)
FNDA:9,j
FNDA:60,(anonymous_597)
FNDA:0,ie
FNDA:0,(anonymous_599)
FNDA:0,(anonymous_600)
FNDA:0,(anonymous_601)
FNDA:6,(anonymous_602)
FNDA:48,(anonymous_603)
FNDA:0,(anonymous_604)
FNDA:0,(anonymous_605)
FNDA:0,(anonymous_606)
FNDA:0,(anonymous_607)
FNDA:0,(anonymous_608)
FNDA:0,(anonymous_609)
FNDA:0,(anonymous_610)
FNDA:0,(anonymous_611)
FNDA:0,(anonymous_612)
FNDA:20,(anonymous_613)
FNDA:18,(anonymous_614)
FNDA:69,(anonymous_615)
FNDA:0,(anonymous_616)
FNDA:3,(anonymous_617)
FNDA:0,(anonymous_618)
FNDA:0,(anonymous_619)
FNDA:0,(anonymous_620)
FNDA:0,(anonymous_621)
FNDA:0,(anonymous_622)
FNDA:0,(anonymous_623)
FNDA:31,(anonymous_624)
FNDA:323,(anonymous_625)
FNDA:0,(anonymous_626)
FNDA:0,(anonymous_627)
FNDA:29,(anonymous_628)
FNDA:0,(anonymous_629)
FNDA:0,(anonymous_630)
FNDA:0,(anonymous_631)
FNDA:0,(anonymous_632)
FNDA:31,(anonymous_633)
FNDA:12,(anonymous_634)
FNDA:0,(anonymous_635)
FNDA:0,(anonymous_636)
FNDA:40,(anonymous_637)
FNDA:52,(anonymous_638)
FNDA:0,(anonymous_639)
FNDA:0,(anonymous_640)
FNDA:3,(anonymous_641)
FNDA:3,(anonymous_642)
FNDA:10,t
FNDA:57,n
FNDA:10,r
FNDA:3,i
FNDA:61,(anonymous_647)
FNDA:0,(anonymous_648)
FNDA:20,x
FNDA:0,S
FNDA:13,D
FNDA:10,O
FNDA:0,(anonymous_653)
FNDA:10,(anonymous_654)
FNDA:0,(anonymous_655)
FNDA:0,ne
FNDA:0,(anonymous_657)
FNDA:0,(anonymous_658)
FNDA:0,(anonymous_659)
FNDA:0,(anonymous_660)
FNDA:0,(anonymous_661)
FNDA:11,(anonymous_662)
FNDA:0,(anonymous_663)
FNDA:10,(anonymous_664)
FNDA:0,(anonymous_665)
FNDA:0,(anonymous_666)
FNDA:3,(anonymous_667)
FNDA:3,(anonymous_668)
FNDA:0,n
FNDA:0,r
FNDA:0,(anonymous_671)
FNDA:0,o
FNDA:0,c
FNDA:0,(anonymous_674)
FNDA:0,(anonymous_675)
FNDA:0,(anonymous_676)
FNDA:0,(anonymous_677)
FNDA:0,(anonymous_678)
FNDA:0,(anonymous_679)
FNDA:0,(anonymous_680)
FNDA:0,(anonymous_681)
FNDA:0,(anonymous_682)
FNDA:0,(anonymous_683)
FNDA:0,(anonymous_684)
FNDA:0,(anonymous_685)
FNDA:3,(anonymous_686)
FNDA:3,n
FNDA:3,(anonymous_688)
FNDA:15,i
FNDA:3,a
FNDA:195,o
FNDA:0,s
FNDA:0,c
FNDA:0,l
FNDA:0,u
FNDA:0,d
FNDA:0,ee
FNDA:0,ne
FNDA:30,se
FNDA:88,M
FNDA:88,N
FNDA:11,fe
FNDA:11,P
FNDA:496,pe
FNDA:496,F
FNDA:0,ge
FNDA:0,ve
FNDA:0,(anonymous_708)
FNDA:0,(anonymous_709)
FNDA:0,(anonymous_710)
FNDA:0,(anonymous_711)
FNDA:0,ye
FNDA:0,be
FNDA:0,Le
FNDA:0,Ve
FNDA:18,Ge
FNDA:43,Ke
FNDA:34,qe
FNDA:7,Je
FNDA:0,Ye
FNDA:9,Xe
FNDA:12,Ze
FNDA:11,Qe
FNDA:0,$e
FNDA:0,et
FNDA:0,tt
FNDA:0,nt
FNDA:21,rt
FNDA:12,it
FNDA:0,at
FNDA:246,ht
FNDA:231,gt
FNDA:4,_t
FNDA:174,vt
FNDA:0,yt
FNDA:0,bt
FNDA:258,Ct
FNDA:528,wt
FNDA:384,Ot
FNDA:384,kt
FNDA:292,At
FNDA:0,jt
FNDA:59,Mt
FNDA:17,Nt
FNDA:9,Pt
FNDA:34,(anonymous_746)
FNDA:0,(anonymous_747)
FNDA:8,(anonymous_748)
FNDA:4,(anonymous_749)
FNDA:0,(anonymous_750)
FNDA:9,Ft
FNDA:8,It
FNDA:22,Lt
FNDA:0,Rt
FNDA:0,(anonymous_755)
FNDA:16,zt
FNDA:9,Bt
FNDA:16,Vt
FNDA:2,Ht
FNDA:0,Wt
FNDA:0,Kt
FNDA:86,Jt
FNDA:159,L
FNDA:45,Xt
FNDA:105,Zt
FNDA:65,en
FNDA:6,R
FNDA:377,nn
FNDA:4,on
FNDA:185,cn
FNDA:1592,ln
FNDA:3,(anonymous_772)
FNDA:0,gn
FNDA:0,_n
FNDA:0,vn
FNDA:10,yn
FNDA:42,bn
FNDA:42,t
FNDA:2,(anonymous_779)
FNDA:0,(anonymous_780)
FNDA:0,(anonymous_781)
FNDA:42,(anonymous_782)
FNDA:34,(anonymous_783)
FNDA:34,(anonymous_784)
FNDA:34,(anonymous_785)
FNDA:0,(anonymous_786)
FNDA:0,Rn
FNDA:34,zn
FNDA:0,(anonymous_789)
FNDA:0,(anonymous_790)
FNDA:0,(anonymous_791)
FNDA:0,(anonymous_792)
FNDA:0,(anonymous_793)
FNDA:0,(anonymous_794)
FNDA:0,$n
FNDA:0,er
FNDA:74,nr
FNDA:0,rr
FNDA:81,ar
FNDA:4,or
FNDA:0,lr
FNDA:8,ur
FNDA:0,dr
FNDA:0,gr
FNDA:0,_r
FNDA:0,vr
FNDA:0,yr
FNDA:0,br
FNDA:20,xr
FNDA:0,Sr
FNDA:0,wr
FNDA:0,Tr
FNDA:0,Er
FNDA:3,Dr
FNDA:22,Or
FNDA:11,kr
FNDA:5,Fr
FNDA:21,Ir
FNDA:21,zr
FNDA:240,Yr
FNDA:0,(anonymous_821)
FNDA:22,ei
FNDA:12,ti
FNDA:9,ni
FNDA:0,B
FNDA:12,ri
FNDA:12,ii
FNDA:761,oi
FNDA:761,si
FNDA:133,ci
FNDA:297,li
FNDA:0,ui
FNDA:532,di
FNDA:22,fi
FNDA:72,pi
FNDA:0,mi
FNDA:0,hi
FNDA:0,_i
FNDA:0,Di
FNDA:0,Oi
FNDA:0,ki
FNDA:905,Ai
FNDA:0,ji
FNDA:0,Li
FNDA:0,Ri
FNDA:0,zi
FNDA:447,Bi
FNDA:11,Vi
FNDA:3,Hi
FNDA:0,Ui
FNDA:44,qi
FNDA:44,H
FNDA:0,Ji
FNDA:0,Yi
FNDA:39,Xi
FNDA:34,Zi
FNDA:168,Qi
FNDA:323,$i
FNDA:0,ea
FNDA:323,ta
FNDA:0,(anonymous_861)
FNDA:0,(anonymous_862)
FNDA:0,(anonymous_863)
FNDA:0,(anonymous_864)
FNDA:3,oa
FNDA:3,sa
FNDA:0,(anonymous_867)
FNDA:0,fa
FNDA:0,(anonymous_869)
FNDA:0,pa
FNDA:0,ma
FNDA:0,(anonymous_872)
FNDA:0,(anonymous_873)
FNDA:0,(anonymous_874)
FNDA:0,(anonymous_875)
FNDA:0,_a
FNDA:0,va
FNDA:0,ya
FNDA:0,(anonymous_879)
FNDA:0,wa
FNDA:0,Ta
FNDA:0,(anonymous_882)
FNDA:0,(anonymous_883)
FNDA:0,Ea
FNDA:0,Oa
FNDA:0,ka
FNDA:0,Ma
FNDA:679,Na
FNDA:0,Pa
FNDA:6,Fa
FNDA:4,t
FNDA:309,n
FNDA:0,r
FNDA:205,a
FNDA:518,o
FNDA:295,s
FNDA:30,c
FNDA:112,l
FNDA:0,u
FNDA:28,d
FNDA:411,f
FNDA:146,p
FNDA:0,v
FNDA:239,y
FNDA:0,(anonymous_905)
FNDA:0,b
FNDA:0,(anonymous_907)
FNDA:723,S
FNDA:723,(anonymous_909)
FNDA:12,za
FNDA:3,Ba
FNDA:3,Va
FNDA:3,Ha
FNDA:3,Ua
FNDA:0,Wa
FNDA:3,Ka
FNDA:3,qa
FNDA:0,Ja
FNDA:0,Ya
FNDA:0,Qa
FNDA:0,$a
FNDA:0,eo
FNDA:0,ro
FNDA:0,io
FNDA:0,ao
FNDA:0,oo
FNDA:0,so
FNDA:0,lo
FNDA:0,yo
FNDA:20,bo
FNDA:159,xo
FNDA:159,So
FNDA:0,Co
FNDA:0,wo
FNDA:159,To
FNDA:0,Eo
FNDA:0,Do
FNDA:155,Oo
FNDA:40,ko
FNDA:45,Ao
FNDA:0,jo
FNDA:0,Mo
FNDA:0,No
FNDA:0,(anonymous_944)
FNDA:9,Po
FNDA:17,Fo
FNDA:17,Io
FNDA:0,Lo
FNDA:0,Ro
FNDA:0,zo
FNDA:0,Bo
FNDA:0,Vo
FNDA:0,(anonymous_953)
FNDA:0,Ho
FNDA:0,Uo
FNDA:35,Wo
FNDA:0,Go
FNDA:0,Ko
FNDA:0,(anonymous_959)
FNDA:0,qo
FNDA:0,Jo
FNDA:0,(anonymous_962)
FNDA:0,(anonymous_963)
FNDA:0,Yo
FNDA:0,Xo
FNDA:0,Zo
FNDA:0,Qo
FNDA:0,$o
FNDA:0,es
FNDA:0,ts
FNDA:0,ns
FNDA:0,rs
FNDA:60,is
FNDA:3,as
FNDA:49,os
FNDA:11,ss
FNDA:21,cs
FNDA:8,ls
FNDA:0,us
FNDA:0,ds
FNDA:0,(anonymous_981)
FNDA:0,fs
FNDA:3,ps
FNDA:0,ms
FNDA:0,(anonymous_985)
FNDA:0,(anonymous_986)
FNDA:0,hs
FNDA:0,gs
FNDA:3,_s
FNDA:6,vs
FNDA:0,ys
FNDA:0,bs
FNDA:0,xs
FNDA:0,(anonymous_994)
FNDA:0,Ss
FNDA:0,Cs
FNDA:0,(anonymous_997)
FNDA:0,ws
FNDA:0,Ts
FNDA:0,Es
FNDA:0,Ds
FNDA:0,Os
FNDA:0,ks
FNDA:0,As
FNDA:9,js
FNDA:9,Ms
FNDA:0,Ns
FNDA:9,Ps
FNDA:0,Fs
FNDA:9,Is
FNDA:28,(anonymous_1011)
FNDA:0,(anonymous_1012)
FNDA:28,(anonymous_1013)
FNDA:0,(anonymous_1014)
FNDA:6,(anonymous_1015)
FNDA:0,(anonymous_1016)
FNDA:37,(anonymous_1017)
FNDA:35,(anonymous_1018)
FNDA:0,(anonymous_1019)
FNDA:0,(anonymous_1020)
FNDA:0,(anonymous_1021)
FNDA:0,(anonymous_1022)
FNDA:0,(anonymous_1023)
FNDA:0,(anonymous_1024)
FNDA:0,(anonymous_1025)
FNDA:0,(anonymous_1026)
FNDA:17,(anonymous_1027)
FNDA:0,(anonymous_1028)
FNDA:0,(anonymous_1029)
FNDA:0,(anonymous_1030)
FNDA:0,(anonymous_1031)
FNDA:0,(anonymous_1032)
FNDA:0,(anonymous_1033)
FNDA:0,(anonymous_1034)
FNDA:0,Vs
FNDA:0,(anonymous_1036)
FNDA:0,(anonymous_1037)
FNDA:0,(anonymous_1038)
FNDA:0,Us
FNDA:0,Ws
FNDA:9,Gs
FNDA:0,Ks
FNDA:0,qs
FNDA:0,Js
FNDA:0,Ys
FNDA:0,(anonymous_1046)
FNDA:0,Xs
FNDA:0,(anonymous_1048)
FNDA:0,Zs
FNDA:0,(anonymous_1050)
FNDA:0,Qs
FNDA:0,$s
FNDA:0,(anonymous_1053)
FNDA:0,(anonymous_1054)
FNDA:0,(anonymous_1055)
FNDA:0,ec
FNDA:723,rc
FNDA:0,ic
FNDA:0,ac
FNDA:0,oc
FNDA:0,sc
FNDA:0,cc
FNDA:0,lc
FNDA:0,uc
FNDA:0,dc
FNDA:0,fc
FNDA:493,pc
FNDA:159,mc
FNDA:0,hc
FNDA:9,gc
FNDA:0,_c
FNDA:0,yc
FNDA:0,bc
FNDA:0,xc
FNDA:0,Sc
FNDA:0,Cc
FNDA:0,wc
FNDA:0,Tc
FNDA:0,Ec
FNDA:0,Dc
FNDA:110,Oc
FNDA:125,kc
FNDA:110,Ac
FNDA:905,jc
FNDA:131,Mc
FNDA:496,Nc
FNDA:0,Pc
FNDA:0,Fc
FNDA:0,Ic
FNDA:905,Lc
FNDA:905,Rc
FNDA:0,zc
FNDA:0,Bc
FNDA:68,Vc
FNDA:221,Hc
FNDA:0,Uc
FNDA:0,Wc
FNDA:0,Gc
FNDA:174,Kc
FNDA:19,qc
FNDA:131,Jc
FNDA:66,Yc
FNDA:8,Xc
FNDA:46,Zc
FNDA:4,Qc
FNDA:0,$c
FNDA:11,al
FNDA:520,ol
FNDA:535,sl
FNDA:275,ul
FNDA:275,dl
FNDA:0,fl
FNDA:0,pl
FNDA:0,ml
FNDA:0,hl
FNDA:0,(anonymous_1116)
FNDA:521,gl
FNDA:521,vl
FNDA:521,yl
FNDA:0,bl
FNDA:520,xl
FNDA:0,Sl
FNDA:0,Cl
FNDA:0,wl
FNDA:0,Tl
FNDA:152,El
FNDA:152,Dl
FNDA:0,Ol
FNDA:0,kl
FNDA:0,jl
FNDA:0,Ml
FNDA:4,Nl
FNDA:152,Pl
FNDA:152,Fl
FNDA:0,Il
FNDA:4,Ll
FNDA:0,(anonymous_1137)
FNDA:0,(anonymous_1138)
FNDA:12,mu
FNDA:0,hu
FNDA:12,gu
FNDA:11,_u
FNDA:11,vu
FNDA:0,yu
FNDA:0,bu
FNDA:4,xu
FNDA:11,Su
FNDA:11,Cu
FNDA:0,wu
FNDA:0,Tu
FNDA:11,Eu
FNDA:11,Du
FNDA:0,Ou
FNDA:11,ku
FNDA:11,Au
FNDA:0,ju
FNDA:0,(anonymous_1157)
FNDA:0,Mu
FNDA:905,Nu
FNDA:0,Pu
FNDA:0,Fu
FNDA:300,Iu
FNDA:0,Lu
FNDA:11,Ru
FNDA:7,(anonymous_1165)
FNDA:41,zu
FNDA:41,Bu
FNDA:41,Vu
FNDA:11,Hu
FNDA:30,Uu
FNDA:37,Wu
FNDA:0,Gu
FNDA:0,Z
FNDA:0,Ku
FNDA:0,qu
FNDA:0,Ju
FNDA:0,Yu
FNDA:0,Xu
FNDA:7,Zu
FNDA:34,id
FNDA:40,ad
FNDA:0,od
FNDA:18,sd
FNDA:21,cd
FNDA:3,ld
FNDA:8,ud
FNDA:18,dd
FNDA:18,(anonymous_1188)
FNDA:0,fd
FNDA:4,pd
FNDA:0,md
FNDA:74,hd
FNDA:2,(anonymous_1193)
FNDA:185,bd
FNDA:49,Q
FNDA:417,xd
FNDA:3,Cd
FNDA:258,(anonymous_1198)
FNDA:466,wd
FNDA:192,Td
FNDA:185,(anonymous_1201)
FNDA:8,Ed
FNDA:8,Dd
FNDA:96,Od
FNDA:20,kd
FNDA:0,Md
FNDA:0,Nd
FNDA:1268,$
FNDA:0,Pd
FNDA:372,Fd
FNDA:131,Id
FNDA:0,Ld
FNDA:0,Rd
FNDA:444,Vd
FNDA:11,Hd
FNDA:507,Ud
FNDA:582,Wd
FNDA:0,Kd
FNDA:0,(anonymous_1219)
FNDA:0,Zd
FNDA:0,(anonymous_1221)
FNDA:0,Qd
FNDA:0,$d
FNDA:0,ef
FNDA:0,tf
FNDA:0,nf
FNDA:0,rf
FNDA:0,af
FNDA:0,of
FNDA:0,sf
FNDA:0,cf
FNDA:0,(anonymous_1232)
FNDA:0,lf
FNDA:0,df
FNDA:0,ff
FNDA:0,pf
FNDA:0,mf
FNDA:11,_f
FNDA:0,yf
FNDA:0,bf
FNDA:0,Sf
FNDA:0,Cf
FNDA:0,wf
FNDA:0,Tf
FNDA:0,Ef
FNDA:0,Df
FNDA:0,(anonymous_1247)
FNDA:0,(anonymous_1248)
FNDA:0,(anonymous_1249)
FNDA:0,Of
FNDA:0,kf
FNDA:0,Af
FNDA:0,jf
FNDA:0,Mf
FNDA:0,Nf
FNDA:0,Pf
FNDA:0,(anonymous_1257)
FNDA:0,(anonymous_1258)
FNDA:0,Ff
FNDA:0,If
FNDA:0,Lf
FNDA:0,(anonymous_1262)
FNDA:0,Rf
FNDA:0,zf
FNDA:0,Bf
FNDA:0,Hf
FNDA:0,Uf
FNDA:372,Wf
FNDA:0,Gf
FNDA:0,Kf
FNDA:0,(anonymous_1271)
FNDA:0,Jf
FNDA:0,(anonymous_1273)
FNDA:0,(anonymous_1274)
FNDA:0,(anonymous_1275)
FNDA:0,(anonymous_1276)
FNDA:0,Yf
FNDA:0,Zf
FNDA:0,Qf
FNDA:3,ep
FNDA:3,tp
FNDA:3,np
FNDA:3,rp
FNDA:0,ip
FNDA:0,ap
FNDA:0,op
FNDA:0,sp
FNDA:104,lp
FNDA:56,up
FNDA:198,dp
FNDA:192,fp
FNDA:192,mp
FNDA:466,hp
FNDA:192,wp
FNDA:0,Tp
FNDA:0,Ep
FNDA:0,Dp
FNDA:0,(anonymous_1298)
FNDA:0,(anonymous_1299)
FNDA:0,Op
FNDA:0,kp
FNDA:0,Ap
FNDA:0,jp
FNDA:0,Np
FNDA:0,(anonymous_1305)
FNDA:0,Pp
FNDA:0,t
FNDA:0,Fp
FNDA:0,e
FNDA:0,(anonymous_1310)
FNDA:0,(anonymous_1311)
FNDA:0,t
FNDA:0,n
FNDA:0,(anonymous_1314)
FNDA:3,Ip
FNDA:3,(anonymous_1316)
FNDA:0,(anonymous_1317)
FNDA:0,Lp
FNDA:0,(anonymous_1319)
FNDA:0,(anonymous_1320)
FNDA:3,(anonymous_1321)
FNDA:3,(anonymous_1322)
FNDA:3,n
FNDA:3,Zt
FNDA:0,(anonymous_1325)
FNDA:3,(anonymous_1326)
FNDA:3,en
FNDA:12,t
FNDA:3,n
FNDA:57,R
FNDA:30,tn
FNDA:3,nn
FNDA:3,rn
FNDA:15,an
FNDA:3,on
FNDA:3,sn
FNDA:3,cn
FNDA:6,u
FNDA:0,d
FNDA:3,f
FNDA:0,p
FNDA:9,m
FNDA:6,(anonymous_1343)
FNDA:12,(anonymous_1344)
FNDA:3,(anonymous_1345)
FNDA:0,(anonymous_1346)
FNDA:3,(anonymous_1347)
FNDA:9,(anonymous_1348)
FNDA:0,(anonymous_1349)
FNDA:3,(anonymous_1350)
FNDA:6,un
FNDA:6,dn
FNDA:6,fn
FNDA:48,(anonymous_1354)
FNDA:48,(anonymous_1355)
FNDA:0,pn
FNDA:0,(anonymous_1357)
FNDA:0,(anonymous_1358)
FNDA:6,mn
FNDA:102,(anonymous_1360)
FNDA:60,(anonymous_1361)
FNDA:60,(anonymous_1362)
FNDA:192,(anonymous_1363)
FNDA:48,Sn
FNDA:96,(anonymous_1365)
FNDA:96,(anonymous_1366)
FNDA:60,Cn
FNDA:0,(anonymous_1368)
FNDA:30,wn
FNDA:30,Tn
FNDA:0,(anonymous_1371)
FNDA:30,En
FNDA:0,(anonymous_1373)
FNDA:6,Dn
FNDA:12,(anonymous_1375)
FNDA:12,On
FNDA:3,(anonymous_1377)
FNDA:3,jn
FNDA:3,Mn
FNDA:3,(anonymous_1380)
FNDA:0,Nn
FNDA:25,Pn
FNDA:25,(anonymous_1383)
FNDA:25,Fn
FNDA:0,(anonymous_1385)
FNDA:25,(anonymous_1386)
FNDA:3,In
FNDA:72,(anonymous_1388)
FNDA:72,(anonymous_1389)
FNDA:6,(anonymous_1390)
FNDA:3,(anonymous_1391)
FNDA:3,(anonymous_1392)
FNDA:0,Hn
FNDA:3,Gn
FNDA:0,(anonymous_1395)
FNDA:96,Qn
FNDA:59,$n
FNDA:25,er
FNDA:25,tr
FNDA:25,nr
FNDA:25,(anonymous_1401)
FNDA:3,(anonymous_1402)
FNDA:25,rr
FNDA:6,ir
FNDA:6,ar
FNDA:6,(anonymous_1406)
FNDA:0,or
FNDA:0,(anonymous_1408)
FNDA:0,(anonymous_1409)
FNDA:0,(anonymous_1410)
FNDA:0,(anonymous_1411)
FNDA:0,(anonymous_1412)
FNDA:6,lr
FNDA:6,ur
FNDA:0,(anonymous_1415)
FNDA:6,(anonymous_1416)
FNDA:6,(anonymous_1417)
FNDA:3,(anonymous_1418)
FNDA:3,(anonymous_1419)
FNDA:0,pr
FNDA:0,mr
FNDA:0,hr
FNDA:0,gr
FNDA:0,_r
FNDA:0,vr
FNDA:0,(anonymous_1426)
FNDA:0,(anonymous_1427)
FNDA:0,br
FNDA:6,(anonymous_1429)
FNDA:3,Sr
FNDA:0,Cr
FNDA:0,(anonymous_1432)
FNDA:0,wr
FNDA:6,Tr
FNDA:3,(anonymous_1435)
FNDA:6,(anonymous_1436)
FNDA:6,Er
FNDA:3,(anonymous_1438)
FNDA:3,(anonymous_1439)
FNDA:6,Or
FNDA:48,(anonymous_1441)
FNDA:6,jr
FNDA:3,(anonymous_1443)
FNDA:0,(anonymous_1444)
FNDA:3,(anonymous_1445)
FNDA:3,(anonymous_1446)
FNDA:3,(anonymous_1447)
FNDA:3,(anonymous_1448)
FNDA:3,(anonymous_1449)
FNDA:3,(anonymous_1450)
FNDA:0,r
FNDA:0,i
FNDA:3,(anonymous_1453)
FNDA:0,e
FNDA:264,t
FNDA:3,(anonymous_1456)
FNDA:2,Lr
FNDA:47,(anonymous_1458)
FNDA:2,(anonymous_1459)
FNDA:3,zr
FNDA:2,n
FNDA:56,r
FNDA:0,(anonymous_1463)
FNDA:0,(anonymous_1464)
FNDA:0,(anonymous_1465)
FNDA:2,Gr
FNDA:2,Kr
FNDA:0,qr
FNDA:9,Jr
FNDA:30,Yr
FNDA:2,Xr
FNDA:2,Zr
FNDA:1,Qr
FNDA:3,$r
FNDA:9,ei
FNDA:3,(anonymous_1476)
FNDA:676,n
FNDA:3,(anonymous_1478)
FNDA:3,(anonymous_1479)
FNDA:33,ii
FNDA:25,n
FNDA:0,(anonymous_1482)
FNDA:0,(anonymous_1483)
FNDA:1,(anonymous_1484)
FNDA:0,(anonymous_1485)
FNDA:13,(anonymous_1486)
FNDA:29,(anonymous_1487)
FNDA:1,(anonymous_1488)
FNDA:1,(anonymous_1489)
FNDA:0,(anonymous_1490)
FNDA:0,(anonymous_1491)
FNDA:3,(anonymous_1492)
FNDA:0,(anonymous_1493)
FNDA:16,(anonymous_1494)
FNDA:1,(anonymous_1495)
FNDA:1,(anonymous_1496)
FNDA:0,(anonymous_1497)
FNDA:0,(anonymous_1498)
FNDA:0,(anonymous_1499)
FNDA:3,(anonymous_1500)
FNDA:3,(anonymous_1501)
FNDA:0,(anonymous_1502)
FNDA:3,(anonymous_1503)
FNDA:3,(anonymous_1504)
FNDA:3,(anonymous_1505)
FNDA:12,(anonymous_1506)
FNDA:3,(anonymous_1507)
FNDA:0,t
FNDA:0,n
FNDA:0,r
FNDA:0,i
FNDA:0,a
FNDA:0,o
FNDA:0,s
FNDA:3,(anonymous_1515)
FNDA:0,(anonymous_1516)
FNDA:3,(anonymous_1517)
FNDA:3,e
FNDA:3,(anonymous_1519)
FNDA:3,(anonymous_1520)
FNDA:6,a
FNDA:3,o
FNDA:3,s
FNDA:3,(anonymous_1524)
FNDA:3,t
FNDA:0,(anonymous_1526)
FNDA:3,(anonymous_1527)
FNDA:0,(anonymous_1528)
FNDA:0,(anonymous_1529)
FNDA:0,(anonymous_1530)
FNDA:3,(anonymous_1531)
FNDA:0,(anonymous_1532)
FNDA:3,(anonymous_1533)
FNDA:3,e
FNDA:3,(anonymous_1535)
FNDA:3,(anonymous_1536)
FNDA:6,a
FNDA:3,o
FNDA:3,s
FNDA:3,(anonymous_1540)
FNDA:3,t
FNDA:0,(anonymous_1542)
FNDA:3,(anonymous_1543)
FNDA:0,(anonymous_1544)
FNDA:3,(anonymous_1545)
FNDA:3,(anonymous_1546)
FNDA:0,e
FNDA:3,(anonymous_1548)
FNDA:0,(anonymous_1549)
FNDA:18,i
FNDA:30,(anonymous_1551)
FNDA:3,h
FNDA:3,(anonymous_1553)
FNDA:3,(anonymous_1554)
FNDA:3,(anonymous_1555)
FNDA:0,(anonymous_1556)
FNDA:3,(anonymous_1557)
FNDA:1,(anonymous_1558)
FNDA:3,(anonymous_1559)
FNDA:0,(anonymous_1560)
FNDA:0,(anonymous_1561)
FNDA:3,(anonymous_1562)
FNDA:2,(anonymous_1563)
FNDA:1,(anonymous_1564)
FNDA:0,C
FNDA:0,(anonymous_1566)
FNDA:0,(anonymous_1567)
FNDA:0,w
FNDA:0,T
FNDA:21,E
FNDA:27,D
FNDA:0,O
FNDA:0,(anonymous_1573)
FNDA:3,k
FNDA:0,(anonymous_1575)
FNDA:4,ee
FNDA:0,te
FNDA:0,ne
FNDA:0,re
FNDA:12,(anonymous_1580)
FNDA:36,(anonymous_1581)
FNDA:3,(anonymous_1582)
FNDA:3,n
FNDA:3,(anonymous_1584)
FNDA:3,n
FNDA:0,(anonymous_1586)
FNDA:0,(anonymous_1587)
FNDA:0,(anonymous_1588)
FNDA:0,(anonymous_1589)
FNDA:0,(anonymous_1590)
FNDA:0,(anonymous_1591)
FNDA:0,(anonymous_1592)
FNDA:0,(anonymous_1593)
FNDA:0,(anonymous_1594)
FNDA:0,(anonymous_1595)
FNDA:0,(anonymous_1596)
FNDA:0,(anonymous_1597)
FNDA:0,(anonymous_1598)
FNDA:0,(anonymous_1599)
FNDA:0,(anonymous_1600)
FNDA:0,(anonymous_1601)
FNDA:0,(anonymous_1602)
FNDA:0,(anonymous_1603)
FNDA:0,(anonymous_1604)
FNDA:0,(anonymous_1605)
FNDA:0,(anonymous_1606)
FNDA:0,(anonymous_1607)
FNDA:0,(anonymous_1608)
FNDA:0,(anonymous_1609)
FNDA:0,(anonymous_1610)
FNDA:0,(anonymous_1611)
FNDA:0,(anonymous_1612)
FNDA:0,(anonymous_1613)
FNDA:0,(anonymous_1614)
FNDA:0,(anonymous_1615)
FNDA:0,(anonymous_1616)
FNDA:0,(anonymous_1617)
FNDA:0,(anonymous_1618)
FNDA:0,(anonymous_1619)
FNDA:0,(anonymous_1620)
FNDA:0,(anonymous_1621)
FNDA:0,(anonymous_1622)
FNDA:0,(anonymous_1623)
FNDA:0,(anonymous_1624)
FNDA:0,(anonymous_1625)
FNDA:0,(anonymous_1626)
FNDA:0,(anonymous_1627)
FNDA:0,(anonymous_1628)
FNDA:0,(anonymous_1629)
FNDA:0,(anonymous_1630)
FNDA:0,(anonymous_1631)
FNDA:0,(anonymous_1632)
FNDA:0,(anonymous_1633)
FNDA:0,(anonymous_1634)
FNDA:0,(anonymous_1635)
FNDA:0,(anonymous_1636)
FNDA:0,(anonymous_1637)
FNDA:0,(anonymous_1638)
FNDA:0,(anonymous_1639)
FNDA:0,(anonymous_1640)
FNDA:0,t
FNDA:0,(anonymous_1642)
FNDA:0,(anonymous_1643)
FNDA:0,(anonymous_1644)
FNDA:0,D
FNDA:0,O
FNDA:0,(anonymous_1647)
FNDA:0,(anonymous_1648)
FNDA:0,(anonymous_1649)
FNDA:0,(anonymous_1650)
FNDA:0,(anonymous_1651)
FNDA:0,k
FNDA:0,ee
FNDA:0,te
FNDA:0,i
FNDA:0,ne
FNDA:0,re
FNDA:0,A
FNDA:0,(anonymous_1659)
FNDA:0,(anonymous_1660)
FNDA:0,(anonymous_1661)
FNDA:0,(anonymous_1662)
FNDA:0,(anonymous_1663)
FNDA:0,(anonymous_1664)
FNDA:0,(anonymous_1665)
FNDA:0,(anonymous_1666)
FNDA:0,(anonymous_1667)
FNDA:0,(anonymous_1668)
FNDA:0,r
FNDA:0,(anonymous_1670)
FNDA:0,(anonymous_1671)
FNDA:0,(anonymous_1672)
FNDA:0,(anonymous_1673)
FNDA:0,(anonymous_1674)
FNDA:0,(anonymous_1675)
FNDA:0,(anonymous_1676)
FNDA:0,(anonymous_1677)
FNDA:0,(anonymous_1678)
FNDA:0,(anonymous_1679)
FNDA:0,(anonymous_1680)
FNDA:0,(anonymous_1681)
FNDA:0,(anonymous_1682)
FNDA:0,(anonymous_1683)
FNDA:0,(anonymous_1684)
FNDA:0,(anonymous_1685)
FNDA:0,(anonymous_1686)
FNDA:0,(anonymous_1687)
FNDA:0,(anonymous_1688)
FNDA:0,(anonymous_1689)
FNDA:0,(anonymous_1690)
FNDA:0,(anonymous_1691)
FNDA:0,(anonymous_1692)
FNDA:0,ce
FNDA:0,(anonymous_1694)
FNDA:0,le
FNDA:0,ue
FNDA:0,de
FNDA:0,fe
FNDA:0,o
FNDA:0,s
FNDA:0,c
FNDA:0,(anonymous_1702)
FNDA:0,(anonymous_1703)
FNDA:0,P
FNDA:0,(anonymous_1705)
FNDA:0,(anonymous_1706)
FNDA:0,pe
FNDA:0,(anonymous_1708)
FNDA:0,(anonymous_1709)
FNDA:0,F
FNDA:0,(anonymous_1711)
FNDA:0,me
FNDA:0,he
FNDA:0,ge
FNDA:0,(anonymous_1715)
FNDA:0,(anonymous_1716)
FNDA:0,_e
FNDA:0,(anonymous_1718)
FNDA:0,(anonymous_1719)
FNDA:0,(anonymous_1720)
FNDA:0,(anonymous_1721)
FNDA:0,(anonymous_1722)
FNDA:0,(anonymous_1723)
FNDA:0,(anonymous_1724)
FNDA:0,(anonymous_1725)
FNDA:0,(anonymous_1726)
FNDA:0,(anonymous_1727)
FNDA:0,(anonymous_1728)
FNDA:0,(anonymous_1729)
FNDA:0,(anonymous_1730)
FNDA:0,(anonymous_1731)
FNDA:0,(anonymous_1732)
FNDA:0,(anonymous_1733)
FNDA:0,h
FNDA:0,(anonymous_1735)
FNDA:0,(anonymous_1736)
FNDA:0,(anonymous_1737)
FNDA:0,(anonymous_1738)
FNDA:0,(anonymous_1739)
FNDA:0,(anonymous_1740)
FNDA:0,(anonymous_1741)
FNDA:0,(anonymous_1742)
FNDA:0,(anonymous_1743)
FNDA:0,(anonymous_1744)
FNDA:0,(anonymous_1745)
FNDA:0,(anonymous_1746)
FNDA:0,(anonymous_1747)
FNDA:0,(anonymous_1748)
FNDA:0,(anonymous_1749)
FNDA:0,(anonymous_1750)
FNDA:0,(anonymous_1751)
FNDA:0,(anonymous_1752)
FNDA:0,_
FNDA:0,s
FNDA:0,(anonymous_1755)
FNDA:0,c
FNDA:0,(anonymous_1757)
FNDA:0,(anonymous_1758)
FNDA:0,(anonymous_1759)
FNDA:0,(anonymous_1760)
FNDA:0,(anonymous_1761)
FNDA:0,(anonymous_1762)
FNDA:0,(anonymous_1763)
FNDA:0,y
FNDA:0,(anonymous_1765)
FNDA:0,(anonymous_1766)
FNDA:0,(anonymous_1767)
FNDA:0,l
FNDA:0,(anonymous_1769)
FNDA:0,(anonymous_1770)
FNDA:0,(anonymous_1771)
FNDA:0,(anonymous_1772)
FNDA:0,(anonymous_1773)
FNDA:0,(anonymous_1774)
FNDA:0,(anonymous_1775)
FNDA:0,(anonymous_1776)
FNDA:0,(anonymous_1777)
FNDA:0,(anonymous_1778)
FNDA:0,(anonymous_1779)
FNDA:0,(anonymous_1780)
FNDA:0,(anonymous_1781)
FNDA:0,(anonymous_1782)
FNDA:0,(anonymous_1783)
FNDA:0,(anonymous_1784)
FNDA:0,n
FNDA:0,r
FNDA:0,(anonymous_1787)
FNDA:0,(anonymous_1788)
FNDA:0,(anonymous_1789)
FNDA:0,(anonymous_1790)
FNDA:0,(anonymous_1791)
FNDA:0,(anonymous_1792)
FNDA:0,(anonymous_1793)
FNDA:0,(anonymous_1794)
FNDA:0,(anonymous_1795)
FNDA:0,h
FNDA:0,(anonymous_1797)
FNDA:0,(anonymous_1798)
FNDA:0,(anonymous_1799)
FNDA:0,(anonymous_1800)
FNDA:0,c
FNDA:0,(anonymous_1802)
FNDA:0,(anonymous_1803)
FNDA:0,(anonymous_1804)
FNDA:0,(anonymous_1805)
FNDA:0,(anonymous_1806)
FNDA:0,(anonymous_1807)
FNDA:0,(anonymous_1808)
FNDA:0,(anonymous_1809)
FNDA:0,(anonymous_1810)
FNDA:0,(anonymous_1811)
FNDA:0,v
FNDA:0,(anonymous_1813)
FNDA:0,(anonymous_1814)
FNDA:0,(anonymous_1815)
FNDA:0,t
FNDA:0,(anonymous_1817)
FNDA:0,n
FNDA:0,(anonymous_1819)
FNDA:0,(anonymous_1820)
FNDA:0,y
FNDA:0,(anonymous_1822)
FNDA:0,(anonymous_1823)
FNDA:0,(anonymous_1824)
FNDA:0,(anonymous_1825)
FNDA:0,(anonymous_1826)
FNDA:0,(anonymous_1827)
FNDA:0,(anonymous_1828)
FNDA:0,(anonymous_1829)
FNDA:0,b
FNDA:0,(anonymous_1831)
FNDA:0,(anonymous_1832)
FNDA:0,(anonymous_1833)
FNDA:0,(anonymous_1834)
FNDA:0,(anonymous_1835)
FNDA:0,(anonymous_1836)
FNDA:0,(anonymous_1837)
FNDA:0,(anonymous_1838)
FNDA:0,(anonymous_1839)
FNDA:0,(anonymous_1840)
FNDA:0,l
FNDA:0,u
FNDA:0,(anonymous_1843)
FNDA:0,(anonymous_1844)
FNDA:0,(anonymous_1845)
FNDA:0,(anonymous_1846)
FNDA:0,(anonymous_1847)
FNDA:0,(anonymous_1848)
FNDA:0,(anonymous_1849)
FNDA:0,e
FNDA:0,(anonymous_1851)
FNDA:0,(anonymous_1852)
FNDA:0,(anonymous_1853)
FNDA:0,(anonymous_1854)
FNDA:0,(anonymous_1855)
FNDA:0,(anonymous_1856)
FNDA:0,(anonymous_1857)
FNDA:0,(anonymous_1858)
FNDA:0,(anonymous_1859)
FNDA:0,(anonymous_1860)
FNDA:0,(anonymous_1861)
FNDA:0,(anonymous_1862)
FNDA:0,(anonymous_1863)
FNDA:0,(anonymous_1864)
FNDA:0,(anonymous_1865)
FNDA:0,(anonymous_1866)
FNDA:0,(anonymous_1867)
FNDA:0,n
FNDA:0,r
FNDA:0,i
FNDA:0,o
FNDA:0,s
FNDA:0,c
FNDA:0,l
FNDA:0,(anonymous_1875)
FNDA:0,(anonymous_1876)
FNDA:0,(anonymous_1877)
FNDA:0,(anonymous_1878)
FNDA:0,(anonymous_1879)
FNDA:0,(anonymous_1880)
FNDA:0,(anonymous_1881)
FNDA:0,_
FNDA:0,(anonymous_1883)
FNDA:0,v
FNDA:0,y
FNDA:0,b
FNDA:0,x
FNDA:0,S
FNDA:0,i
FNDA:0,(anonymous_1890)
FNDA:0,E
FNDA:0,D
FNDA:0,O
FNDA:0,k
FNDA:0,ee
FNDA:0,te
FNDA:0,ne
FNDA:0,re
FNDA:0,A
FNDA:0,j
FNDA:0,ie
FNDA:0,ae
FNDA:0,oe
FNDA:0,se
FNDA:0,M
FNDA:0,N
FNDA:0,(anonymous_1907)
FNDA:0,(anonymous_1908)
FNDA:0,(anonymous_1909)
FNDA:0,(anonymous_1910)
FNDA:0,(anonymous_1911)
FNDA:0,(anonymous_1912)
FNDA:0,(anonymous_1913)
FNDA:0,(anonymous_1914)
FNDA:0,(anonymous_1915)
FNDA:0,ue
FNDA:0,de
FNDA:0,fe
FNDA:0,P
FNDA:0,pe
FNDA:0,(anonymous_1921)
FNDA:0,F
FNDA:0,me
FNDA:0,(anonymous_1924)
FNDA:0,(anonymous_1925)
FNDA:0,(anonymous_1926)
FNDA:0,he
FNDA:0,ge
FNDA:0,(anonymous_1929)
FNDA:0,(anonymous_1930)
FNDA:0,(anonymous_1931)
FNDA:0,(anonymous_1932)
FNDA:0,(anonymous_1933)
FNDA:0,(anonymous_1934)
FNDA:0,(anonymous_1935)
FNDA:0,(anonymous_1936)
FNDA:0,(anonymous_1937)
FNDA:0,(anonymous_1938)
FNDA:0,(anonymous_1939)
FNDA:0,(anonymous_1940)
FNDA:0,(anonymous_1941)
FNDA:0,(anonymous_1942)
FNDA:0,(anonymous_1943)
FNDA:0,(anonymous_1944)
FNDA:0,(anonymous_1945)
FNDA:0,(anonymous_1946)
FNDA:0,(anonymous_1947)
FNDA:0,(anonymous_1948)
FNDA:0,(anonymous_1949)
FNDA:0,(anonymous_1950)
FNDA:0,(anonymous_1951)
FNDA:0,(anonymous_1952)
FNDA:0,(anonymous_1953)
FNDA:0,(anonymous_1954)
FNDA:0,(anonymous_1955)
FNDA:0,(anonymous_1956)
FNDA:0,(anonymous_1957)
FNDA:0,s
FNDA:0,c
FNDA:0,l
FNDA:0,u
FNDA:0,(anonymous_1962)
FNDA:0,d
FNDA:0,f
FNDA:0,p
FNDA:0,m
FNDA:0,h
FNDA:0,_
FNDA:0,(anonymous_1969)
FNDA:0,(anonymous_1970)
FNDA:0,(anonymous_1971)
FNDA:0,(anonymous_1972)
FNDA:0,(anonymous_1973)
FNDA:0,(anonymous_1974)
FNDA:0,(anonymous_1975)
FNDA:0,(anonymous_1976)
FNDA:0,(anonymous_1977)
FNDA:0,(anonymous_1978)
FNDA:0,(anonymous_1979)
FNDA:0,(anonymous_1980)
FNDA:0,(anonymous_1981)
FNDA:0,(anonymous_1982)
FNDA:0,(anonymous_1983)
FNDA:0,(anonymous_1984)
FNDA:0,(anonymous_1985)
FNDA:0,(anonymous_1986)
FNDA:0,(anonymous_1987)
FNDA:0,(anonymous_1988)
FNDA:0,(anonymous_1989)
FNDA:0,l
FNDA:0,u
FNDA:0,(anonymous_1992)
FNDA:0,(anonymous_1993)
FNDA:0,(anonymous_1994)
FNDA:0,(anonymous_1995)
FNDA:0,(anonymous_1996)
FNDA:0,(anonymous_1997)
FNDA:0,(anonymous_1998)
FNDA:0,(anonymous_1999)
FNDA:0,(anonymous_2000)
FNDA:0,(anonymous_2001)
FNDA:0,(anonymous_2002)
FNDA:0,(anonymous_2003)
FNDA:0,(anonymous_2004)
FNDA:0,(anonymous_2005)
FNDA:0,(anonymous_2006)
FNDA:0,(anonymous_2007)
FNDA:0,(anonymous_2008)
FNDA:0,(anonymous_2009)
FNDA:0,(anonymous_2010)
FNDA:0,(anonymous_2011)
FNDA:0,(anonymous_2012)
FNDA:0,(anonymous_2013)
FNDA:0,(anonymous_2014)
FNDA:0,(anonymous_2015)
FNDA:0,(anonymous_2016)
FNDA:0,(anonymous_2017)
FNDA:0,(anonymous_2018)
FNDA:0,(anonymous_2019)
FNDA:0,u
FNDA:0,(anonymous_2021)
FNDA:0,(anonymous_2022)
FNDA:0,(anonymous_2023)
FNDA:0,(anonymous_2024)
FNDA:0,(anonymous_2025)
[...]
BRDA:16,4654,0,3
BRDA:16,4654,1,3
BRDA:16,4655,0,3
BRDA:16,4656,0,3
BRDA:16,4656,1,0
BRDA:16,4657,0,3
BRDA:16,4657,1,3
BRDA:16,4657,2,3
BRDA:16,4657,3,3
BRDA:16,4658,0,3
BRDA:16,4658,1,3
BRDA:16,4659,0,18
BRDA:16,4659,1,0
BRDA:16,4660,0,3
BRDA:16,4660,1,3
BRDA:16,4661,0,0
BRDA:16,4661,1,42
BRDA:16,4662,0,0
BRDA:16,4662,1,42
BRDA:16,4663,0,0
BRDA:16,4663,1,42
BRDA:16,4664,0,0
BRDA:16,4664,1,42
BRDA:16,4665,0,3
BRDA:16,4665,1,3
BRDA:16,4665,2,3
BRDA:16,4666,0,42
BRDA:16,4666,1,0
BRDA:16,4667,0,3
BRDA:16,4667,1,0
BRDA:16,4668,0,3
BRDA:16,4668,1,0
BRDA:16,4669,0,0
BRDA:16,4669,1,0
BRDA:16,4670,0,0
BRDA:16,4670,1,0
BRDA:16,4671,0,0
BRDA:16,4671,1,0
BRDA:16,4672,0,0
BRDA:16,4672,1,0
BRDA:16,4673,0,0
BRDA:16,4673,1,0
BRDA:16,4674,0,0
BRDA:16,4674,1,0
BRDA:16,4675,0,0
BRDA:16,4675,1,0
BRDA:16,4676,0,0
BRDA:16,4676,1,0
BRDA:16,4677,0,0
BRDA:16,4677,1,0
BRDA:16,4678,0,0
BRDA:16,4678,1,0
BRDA:16,4678,2,0
BRDA:16,4678,3,0
BRDA:16,4678,4,0
BRDA:16,4678,5,0
BRDA:16,4679,0,0
BRDA:16,4679,1,0
BRDA:16,4680,0,0
BRDA:16,4680,1,0
BRDA:16,4681,0,0
BRDA:16,4682,0,0
BRDA:16,4683,0,0
BRDA:16,4684,0,0
BRDA:16,4684,1,0
BRDA:16,4685,0,0
BRDA:16,4685,1,0
BRDA:16,4686,0,0
BRDA:16,4686,1,0
BRDA:16,4687,0,0
BRDA:16,4687,1,0
BRDA:16,4688,0,0
BRDA:16,4688,1,0
BRDA:569,4689,0,0
BRDA:569,4689,1,0
BRDA:569,4690,0,0
BRDA:569,4690,1,0
BRDA:569,4691,0,0
BRDA:569,4691,1,0
BRDA:569,4691,2,0
BRDA:569,4692,0,3
BRDA:569,4692,1,0
BRDA:569,4693,0,3
BRDA:569,4693,1,3
BRDA:569,4694,0,3
BRDA:569,4694,1,3
BRDA:569,4695,0,3
BRDA:569,4695,1,3
BRDA:569,4696,0,3
BRDA:569,4696,1,3
BRDA:569,4697,0,3
BRDA:569,4697,1,3
BRDA:569,4698,0,0
BRDA:569,4698,1,3
BRDA:569,4699,0,3
BRDA:569,4699,1,0
BRDA:569,4700,0,0
BRDA:569,4700,1,0
BRDA:569,4701,0,0
BRDA:569,4701,1,0
BRDA:569,4702,0,0
BRDA:569,4703,0,0
BRDA:569,4704,0,0
BRDA:569,4704,1,0
BRDA:569,4705,0,0
BRDA:569,4705,1,0
BRDA:569,4706,0,0
BRDA:569,4706,1,0
BRDA:569,4706,2,0
BRDA:569,4707,0,12
BRDA:569,4707,1,0
BRDA:569,4708,0,0
BRDA:569,4708,1,12
BRDA:569,4709,0,0
BRDA:569,4709,1,0
BRDA:569,4710,0,0
BRDA:569,4710,1,0
BRDA:569,4710,2,0
BRDA:569,4711,0,0
BRDA:569,4711,1,0
BRDA:569,4712,0,0
BRDA:569,4712,1,0
BRDA:569,4713,0,0
BRDA:569,4713,1,0
BRDA:569,4714,0,0
BRDA:569,4714,1,0
BRDA:569,4714,2,0
BRDA:569,4714,3,0
BRDA:569,4715,0,0
BRDA:569,4715,1,0
BRDA:569,4716,0,0
BRDA:569,4716,1,0
BRDA:569,4717,0,0
BRDA:569,4718,0,0
BRDA:569,4718,1,0
BRDA:569,4719,0,0
BRDA:569,4719,1,0
BRDA:569,4720,0,0
BRDA:569,4720,1,0
BRDA:569,4721,0,0
BRDA:569,4721,1,0
BRDA:569,4722,0,0
BRDA:569,4722,1,0
BRDA:569,4723,0,0
BRDA:569,4723,1,0
BRDA:569,4724,0,0
BRDA:569,4724,1,0
BRDA:569,4725,0,0
BRDA:569,4725,1,0
BRDA:569,4725,2,0
BRDA:569,4726,0,0
BRDA:569,4726,1,0
BRDA:569,4727,0,0
BRDA:569,4727,1,0
BRDA:569,4728,0,0
BRDA:569,4728,1,0
BRDA:569,4729,0,3
BRDA:569,4729,1,3
BRDA:569,4730,0,0
BRDA:569,4730,1,0
BRDA:569,4730,2,0
BRDA:569,4731,0,0
BRDA:569,4731,1,0
BRDA:569,4732,0,0
BRDA:569,4732,1,0
BRDA:569,4733,0,0
BRDA:569,4733,1,0
BRDA:569,4734,0,0
BRDA:569,4734,1,0
BRDA:569,4735,0,0
BRDA:569,4735,1,0
BRDA:569,4736,0,0
BRDA:569,4736,1,0
BRDA:569,4737,0,0
BRDA:569,4737,1,0
BRDA:569,4737,2,0
BRDA:569,4738,0,0
BRDA:569,4738,1,0
BRDA:569,4739,0,0
BRDA:569,4739,1,0
BRDA:569,4739,2,0
BRDA:569,4740,0,3
BRDA:569,4741,0,3
BRDA:569,4741,1,0
BRDA:569,4742,0,3
BRDA:569,4742,1,3
BRDA:569,4743,0,0
BRDA:569,4743,1,3
BRDA:569,4744,0,3
BRDA:569,4744,1,0
BRDA:569,4745,0,3
BRDA:569,4745,1,0
BRDA:569,4746,0,0
BRDA:569,4746,1,3
BRDA:569,4747,0,3
BRDA:569,4747,1,0
BRDA:569,4747,2,0
BRDA:569,4748,0,0
BRDA:569,4748,1,0
BRDA:569,4748,2,0
BRDA:569,4749,0,0
BRDA:569,4750,0,0
BRDA:569,4750,1,0
BRDA:569,4751,0,0
BRDA:569,4751,1,0
BRDA:569,4752,0,0
BRDA:569,4753,0,0
BRDA:569,4753,1,0
BRDA:569,4754,0,0
BRDA:569,4754,1,0
BRDA:569,4754,2,0
BRDA:569,4755,0,0
BRDA:569,4755,1,0
BRDA:569,4756,0,0
BRDA:569,4756,1,0
BRDA:569,4756,2,0
BRDA:569,4757,0,0
BRDA:569,4757,1,0
BRDA:569,4758,0,0
BRDA:569,4758,1,0
BRDA:569,4758,2,0
BRDA:569,4758,3,0
BRDA:569,4758,4,0
BRDA:569,4759,0,12
BRDA:569,4759,1,3
BRDA:569,4760,0,0
BRDA:569,4761,0,0
BRDA:569,4762,0,0
BRDA:569,4763,0,0
BRDA:569,4763,1,0
BRDA:569,4764,0,0
BRDA:569,4764,1,0
BRDA:569,4765,0,0
BRDA:569,4765,1,0
BRDA:569,4765,2,0
BRDA:569,4765,3,0
BRDA:569,4765,4,0
BRDA:569,4766,0,0
BRDA:569,4766,1,0
BRDA:569,4766,2,0
BRDA:569,4767,0,0
BRDA:569,4767,1,0
BRDA:569,4767,2,0
BRDA:569,4767,3,0
BRDA:569,4767,4,0
BRDA:569,4768,0,0
BRDA:569,4768,1,0
BRDA:569,4769,0,0
BRDA:569,4769,1,0
BRDA:569,4769,2,0
BRDA:569,4770,0,0
BRDA:569,4770,1,0
BRDA:569,4771,0,0
BRDA:569,4771,1,0
BRDA:569,4772,0,0
BRDA:569,4772,1,0
BRDA:569,4773,0,0
BRDA:569,4773,1,0
BRDA:569,4774,0,0
BRDA:569,4774,1,0
BRDA:569,4774,2,0
BRDA:569,4775,0,0
BRDA:569,4775,1,0
BRDA:569,4776,0,0
BRDA:569,4776,1,0
BRDA:569,4777,0,0
BRDA:569,4777,1,0
BRDA:569,4778,0,0
BRDA:569,4778,1,0
BRDA:569,4779,0,21
BRDA:569,4779,1,12
BRDA:569,4780,0,21
BRDA:569,4780,1,12
BRDA:569,4781,0,21
BRDA:569,4781,1,12
BRDA:569,4782,0,21
BRDA:569,4782,1,9
BRDA:569,4783,0,12
BRDA:569,4783,1,0
BRDA:569,4784,0,30
BRDA:569,4784,1,21
BRDA:569,4785,0,33
BRDA:569,4785,1,18
BRDA:569,4786,0,0
BRDA:569,4786,1,0
BRDA:569,4787,0,0
BRDA:569,4787,1,0
BRDA:569,4788,0,0
BRDA:569,4788,1,0
BRDA:569,4789,0,0
BRDA:569,4789,1,0
BRDA:569,4790,0,0
BRDA:569,4790,1,0
BRDA:569,4791,0,0
BRDA:569,4791,1,0
BRDA:569,4792,0,0
BRDA:569,4792,1,0
BRDA:569,4793,0,0
BRDA:569,4793,1,0
BRDA:569,4794,0,0
BRDA:569,4794,1,0
BRDA:569,4795,0,0
BRDA:569,4795,1,0
BRDA:569,4796,0,0
BRDA:569,4796,1,0
BRDA:569,4797,0,0
BRDA:569,4797,1,0
BRDA:569,4798,0,0
BRDA:569,4798,1,0
BRDA:569,4799,0,0
BRDA:569,4799,1,0
BRDA:569,4800,0,0
BRDA:569,4800,1,0
BRDA:569,4801,0,0
BRDA:569,4801,1,0
BRDA:569,4802,0,0
BRDA:569,4802,1,0
BRDA:569,4802,2,0
BRDA:569,4803,0,0
BRDA:569,4803,1,0
BRDA:569,4804,0,0
BRDA:569,4804,1,0
BRDA:569,4805,0,0
BRDA:569,4805,1,0
BRDA:569,4806,0,0
BRDA:569,4806,1,0
BRDA:569,4807,0,0
BRDA:569,4807,1,0
BRDA:569,4808,0,0
BRDA:569,4808,1,0
BRDA:569,4809,0,0
BRDA:569,4809,1,0
BRDA:569,4809,2,0
BRDA:569,4810,0,0
BRDA:569,4810,1,0
BRDA:569,4811,0,0
BRDA:569,4811,1,0
BRDA:569,4812,0,0
BRDA:569,4812,1,0
BRDA:569,4813,0,0
BRDA:569,4813,1,0
BRDA:569,4814,0,0
BRDA:569,4815,0,0
BRDA:569,4815,1,0
BRDA:569,4816,0,0
BRDA:569,4816,1,0
BRDA:569,4817,0,0
BRDA:569,4817,1,0
BRDA:569,4817,2,0
BRDA:569,4817,3,0
BRDA:569,4818,0,0
BRDA:569,4818,1,0
BRDA:569,4819,0,0
BRDA:569,4819,1,0
BRDA:569,4820,0,0
BRDA:569,4820,1,0
BRDA:569,4821,0,0
BRDA:569,4821,1,0
BRDA:569,4821,2,0
BRDA:569,4822,0,0
BRDA:569,4822,1,0
BRDA:569,4823,0,0
BRDA:569,4824,0,0
BRDA:569,4824,1,0
BRDA:569,4825,0,0
BRDA:569,4825,1,0
BRDA:569,4826,0,0
BRDA:569,4826,1,0
BRDA:569,4827,0,0
BRDA:569,4827,1,0
BRDA:569,4828,0,0
BRDA:569,4828,1,0
BRDA:569,4829,0,0
BRDA:569,4829,1,0
BRDA:569,4830,0,0
BRDA:569,4830,1,0
BRDA:569,4831,0,0
BRDA:569,4831,1,0
BRDA:569,4832,0,0
BRDA:569,4832,1,0
BRDA:569,4833,0,0
BRDA:569,4833,1,0
BRDA:569,4834,0,0
BRDA:569,4834,1,0
BRDA:569,4834,2,0
BRDA:569,4834,3,0
BRDA:569,4835,0,0
BRDA:569,4835,1,0
BRDA:569,4836,0,0
BRDA:569,4836,1,0
BRDA:569,4837,0,0
BRDA:569,4838,0,0
BRDA:569,4838,1,0
BRDA:569,4839,0,0
BRDA:569,4839,1,0
BRDA:569,4840,0,0
BRDA:569,4840,1,0
BRDA:569,4841,0,0
BRDA:569,4841,1,0
BRDA:569,4842,0,0
BRDA:569,4842,1,0
BRDA:569,4843,0,0
BRDA:569,4843,1,0
BRDA:569,4844,0,0
BRDA:569,4844,1,0
BRDA:569,4845,0,0
BRDA:569,4845,1,0
BRDA:569,4846,0,0
BRDA:569,4846,1,0
BRDA:569,4847,0,0
BRDA:569,4847,1,0
BRDA:569,4847,2,0
BRDA:569,4847,3,0
BRDA:569,4848,0,0
BRDA:569,4848,1,0
BRDA:569,4848,2,0
BRDA:569,4849,0,0
BRDA:569,4849,1,0
BRDA:569,4850,0,0
BRDA:569,4850,1,0
BRDA:569,4851,0,0
BRDA:569,4851,1,0
BRDA:569,4852,0,0
BRDA:569,4852,1,0
BRDA:569,4853,0,0
BRDA:569,4853,1,0
BRDA:569,4854,0,0
BRDA:569,4854,1,0
BRDA:569,4854,2,0
BRDA:569,4854,3,0
BRDA:569,4855,0,0
BRDA:569,4855,1,0
BRDA:569,4855,2,0
BRDA:569,4855,3,0
BRDA:569,4856,0,0
BRDA:569,4856,1,3
BRDA:569,4857,0,3
BRDA:569,4857,1,0
BRDA:569,4857,2,0
BRDA:569,4857,3,0
BRDA:569,4858,0,0
BRDA:569,4858,1,0
BRDA:569,4859,0,0
BRDA:569,4859,1,0
BRDA:569,4860,0,0
BRDA:569,4860,1,0
BRDA:569,4861,0,0
BRDA:569,4861,1,0
BRDA:569,4862,0,0
BRDA:569,4862,1,0
BRDA:569,4862,2,0
BRDA:569,4862,3,0
BRDA:569,4863,0,0
BRDA:569,4863,1,0
BRDA:569,4863,2,0
BRDA:569,4864,0,0
BRDA:569,4865,0,0
BRDA:569,4865,1,0
BRDA:569,4866,0,0
BRDA:569,4866,1,0
BRDA:569,4867,0,0
BRDA:569,4867,1,0
BRDA:569,4868,0,0
BRDA:569,4868,1,0
BRDA:569,4869,0,0
BRDA:569,4869,1,0
BRDA:569,4870,0,0
BRDA:569,4870,1,0
BRDA:569,4871,0,0
BRDA:569,4871,1,0
BRDA:569,4872,0,0
BRDA:569,4872,1,0
BRDA:569,4873,0,0
BRDA:569,4873,1,0
BRDA:569,4874,0,0
BRDA:569,4874,1,0
BRDA:569,4875,0,0
BRDA:569,4875,1,0
BRDA:569,4876,0,0
BRDA:569,4876,1,0
BRDA:569,4877,0,0
BRDA:569,4877,1,0
BRDA:569,4878,0,0
BRDA:569,4878,1,0
BRDA:570,4879,0,0
BRDA:570,4879,1,0
BRDA:570,4880,0,0
BRDA:570,4880,1,0
BRDA:570,4881,0,0
BRDA:570,4881,1,0
BRDA:570,4882,0,0
BRDA:570,4882,1,0
BRDA:570,4883,0,0
BRDA:570,4883,1,0
BRDA:570,4884,0,0
BRDA:570,4884,1,0
BRDA:570,4885,0,0
BRDA:570,4886,0,0
BRDA:570,4887,0,0
BRDA:570,4888,0,0
BRDA:570,4889,0,0
BRDA:570,4889,1,0
BRDA:570,4890,0,0
BRDA:570,4890,1,0
BRDA:570,4891,0,0
BRDA:570,4891,1,0
BRDA:570,4891,2,0
BRDA:570,4891,3,0
BRDA:570,4891,4,0
BRDA:570,4892,0,0
BRDA:570,4892,1,0
BRDA:570,4892,2,0
BRDA:570,4892,3,0
BRDA:570,4893,0,0
BRDA:570,4893,1,0
BRDA:570,4893,2,0
BRDA:570,4894,0,0
BRDA:570,4894,1,0
BRDA:570,4894,2,0
BRDA:570,4895,0,0
BRDA:570,4895,1,0
BRDA:570,4896,0,0
BRDA:570,4896,1,0
BRDA:570,4897,0,0
BRDA:570,4897,1,0
BRDA:570,4898,0,0
BRDA:570,4898,1,0
BRDA:570,4899,0,0
BRDA:570,4899,1,0
BRDA:570,4900,0,0
BRDA:570,4900,1,0
BRDA:570,4901,0,0
BRDA:570,4901,1,0
BRDA:570,4901,2,0
BRDA:570,4902,0,0
BRDA:570,4902,1,0
BRDA:570,4903,0,0
BRDA:570,4903,1,0
BRDA:570,4903,2,0
BRDA:570,4904,0,0
BRDA:570,4904,1,0
BRDA:570,4904,2,0
BRDA:570,4904,3,0
BRDA:570,4905,0,0
BRDA:570,4905,1,0
BRDA:570,4906,0,0
BRDA:570,4906,1,0
BRDA:570,4907,0,0
BRDA:570,4907,1,0
BRDA:570,4907,2,0
BRDA:570,4907,3,0
BRDA:570,4907,4,0
BRDA:570,4908,0,0
BRDA:570,4908,1,0
BRDA:570,4908,2,0
BRDA:570,4909,0,0
BRDA:570,4909,1,0
BRDA:570,4910,0,0
BRDA:570,4910,1,0
BRDA:570,4911,0,0
BRDA:570,4911,1,0
BRDA:570,4912,0,0
BRDA:570,4912,1,0
BRDA:570,4913,0,0
BRDA:570,4913,1,0
BRDA:570,4914,0,0
BRDA:570,4914,1,0
BRDA:570,4915,0,0
BRDA:570,4915,1,0
BRDA:570,4916,0,0
BRDA:570,4916,1,0
BRDA:570,4917,0,0
BRDA:570,4917,1,0
BRDA:570,4918,0,0
BRDA:570,4918,1,0
BRDA:570,4919,0,0
BRDA:570,4919,1,0
BRDA:570,4920,0,0
BRDA:570,4920,1,0
BRDA:570,4921,0,0
BRDA:570,4921,1,0
BRDA:570,4922,0,0
BRDA:570,4922,1,0
BRDA:570,4923,0,0
BRDA:570,4923,1,0
BRDA:570,4924,0,0
BRDA:570,4924,1,0
BRDA:570,4925,0,0
BRDA:570,4925,1,0
BRDA:570,4925,2,0
BRDA:570,4926,0,0
BRDA:570,4926,1,0
BRDA:570,4927,0,0
BRDA:570,4927,1,0
BRDA:570,4928,0,0
BRDA:570,4928,1,0
BRDA:570,4929,0,0
BRDA:570,4929,1,0
BRDA:570,4930,0,0
BRDA:570,4930,1,0
BRDA:570,4931,0,0
BRDA:570,4931,1,0
BRDA:570,4932,0,0
BRDA:570,4932,1,0
BRDA:570,4933,0,0
BRDA:570,4933,1,0
BRDA:570,4934,0,0
BRDA:570,4934,1,0
BRDA:570,4935,0,0
BRDA:570,4935,1,0
BRDA:570,4936,0,0
BRDA:570,4936,1,0
BRDA:570,4937,0,0
BRDA:570,4937,1,0
BRDA:570,4938,0,0
BRDA:570,4938,1,0
BRDA:570,4939,0,0
BRDA:570,4939,1,0
BRDA:570,4940,0,0
BRDA:570,4941,0,0
BRDA:570,4942,0,0
BRDA:570,4943,0,0
BRDA:570,4944,0,0
BRDA:570,4945,0,0
BRDA:570,4946,0,0
BRDA:570,4947,0,0
BRDA:570,4948,0,0
BRDA:570,4949,0,0
BRDA:570,4949,1,0
BRDA:570,4950,0,0
BRDA:570,4950,1,0
BRDA:570,4951,0,0
BRDA:570,4951,1,0
BRDA:570,4952,0,0
BRDA:570,4952,1,0
BRDA:570,4953,0,0
BRDA:570,4953,1,0
BRDA:570,4954,0,0
BRDA:570,4955,0,0
BRDA:570,4956,0,0
BRDA:570,4956,1,0
BRDA:570,4957,0,0
BRDA:570,4957,1,0
BRDA:570,4958,0,0
BRDA:570,4958,1,0
BRDA:570,4959,0,0
BRDA:570,4959,1,0
BRDA:570,4960,0,0
BRDA:570,4960,1,0
BRDA:570,4961,0,0
BRDA:570,4961,1,0
BRDA:570,4962,0,0
BRDA:570,4963,0,0
BRDA:570,4963,1,0
BRDA:570,4964,0,0
BRDA:570,4964,1,0
BRDA:570,4965,0,0
BRDA:570,4965,1,0
BRDA:570,4966,0,0
BRDA:570,4967,0,0
BRDA:570,4968,0,0
BRDA:570,4969,0,0
BRDA:570,4970,0,0
BRDA:570,4970,1,0
BRDA:570,4971,0,0
BRDA:570,4971,1,0
BRDA:570,4972,0,0
BRDA:570,4973,0,0
BRDA:570,4974,0,0
BRDA:570,4975,0,0
BRDA:570,4976,0,0
BRDA:570,4977,0,0
BRDA:570,4977,1,0
BRDA:570,4978,0,0
BRDA:570,4978,1,0
BRDA:570,4978,2,0
BRDA:570,4979,0,39
BRDA:570,4979,1,15
BRDA:570,4980,0,0
BRDA:570,4980,1,0
BRDA:570,4981,0,0
BRDA:570,4981,1,0
BRDA:570,4982,0,0
BRDA:570,4982,1,0
BRDA:570,4983,0,0
BRDA:570,4983,1,0
BRDA:570,4984,0,0
BRDA:570,4984,1,0
BRDA:570,4985,0,0
BRDA:570,4985,1,0
BRDA:570,4986,0,0
BRDA:570,4986,1,0
BRDA:570,4987,0,0
BRDA:570,4987,1,0
BRDA:570,4988,0,0
BRDA:570,4988,1,0
BRDA:570,4989,0,0
BRDA:570,4989,1,0
BRDA:570,4990,0,0
BRDA:570,4990,1,0
BRDA:570,4991,0,0
BRDA:570,4991,1,0
BRDA:570,4991,2,0
BRDA:570,4992,0,0
BRDA:570,4992,1,0
BRDA:570,4993,0,0
BRDA:570,4993,1,0
BRDA:570,4993,2,0
BRDA:570,4994,0,0
BRDA:570,4994,1,0
BRDA:570,4995,0,0
BRDA:570,4995,1,0
BRDA:570,4995,2,0
BRDA:570,4995,3,0
BRDA:570,4995,4,0
BRDA:570,4996,0,0
BRDA:570,4996,1,0
BRDA:570,4997,0,0
BRDA:570,4997,1,0
BRDA:571,4998,0,0
BRDA:571,4998,1,0
BRDA:571,4998,2,0
BRDA:571,4998,3,0
BRDA:571,4998,4,0
BRDA:571,4999,0,0
BRDA:571,4999,1,0
BRDA:571,5000,0,0
BRDA:571,5001,0,0
BRDA:571,5001,1,0
BRDA:571,5002,0,0
BRDA:571,5002,1,0
BRDA:571,5003,0,0
BRDA:571,5003,1,0
BRDA:571,5004,0,0
BRDA:571,5004,1,0
BRDA:571,5005,0,0
BRDA:571,5005,1,0
BRDA:571,5006,0,0
BRDA:571,5006,1,0
BRDA:571,5007,0,0
BRDA:571,5007,1,0
BRDA:571,5008,0,0
BRDA:571,5008,1,0
BRDA:571,5008,2,0
BRDA:571,5008,3,0
BRDA:571,5008,4,0
BRDA:571,5008,5,0
BRDA:571,5008,6,0
BRDA:571,5009,0,0
BRDA:571,5009,1,0
BRDA:571,5010,0,0
BRDA:571,5010,1,0
BRDA:571,5011,0,0
BRDA:571,5011,1,0
BRDA:571,5012,0,0
BRDA:571,5012,1,0
BRDA:571,5013,0,0
BRDA:571,5013,1,0
BRDA:571,5014,0,0
BRDA:571,5014,1,0
BRDA:571,5014,2,0
BRDA:571,5014,3,0
BRDA:571,5015,0,0
BRDA:571,5015,1,0
BRDA:571,5016,0,0
BRDA:571,5016,1,0
BRDA:571,5017,0,0
BRDA:571,5017,1,0
BRDA:571,5018,0,0
BRDA:571,5018,1,0
BRDA:571,5019,0,0
BRDA:571,5019,1,0
BRDA:571,5020,0,3
BRDA:571,5020,1,3
BRDA:571,5021,0,0
BRDA:571,5021,1,0
BRDA:571,5022,0,0
BRDA:571,5022,1,0
BRDA:571,5023,0,0
BRDA:571,5023,1,0
BRDA:571,5024,0,0
BRDA:571,5024,1,0
BRDA:571,5025,0,0
BRDA:571,5025,1,0
BRDA:571,5026,0,0
BRDA:571,5026,1,0
BRDA:571,5027,0,0
BRDA:571,5027,1,0
BRDA:571,5028,0,0
BRDA:571,5028,1,0
BRDA:571,5029,0,0
BRDA:571,5029,1,0
BRDA:571,5030,0,0
BRDA:571,5030,1,0
BRDA:571,5031,0,0
BRDA:571,5031,1,0
BRDA:571,5032,0,0
BRDA:571,5032,1,0
BRDA:571,5033,0,0
BRDA:571,5033,1,0
BRDA:571,5034,0,0
BRDA:571,5034,1,0
BRDA:571,5035,0,0
BRDA:571,5035,1,0
BRDA:571,5036,0,0
BRDA:571,5036,1,0
BRDA:571,5037,0,0
BRDA:571,5037,1,0
BRDA:571,5038,0,0
BRDA:571,5039,0,0
BRDA:571,5039,1,0
BRDA:571,5040,0,0
BRDA:571,5040,1,0
BRDA:571,5041,0,0
BRDA:571,5041,1,0
BRDA:571,5041,2,0
BRDA:571,5041,3,0
BRDA:571,5042,0,0
BRDA:571,5042,1,0
BRDA:571,5043,0,0
BRDA:571,5043,1,0
BRDA:571,5044,0,0
BRDA:571,5044,1,0
BRDA:571,5044,2,0
BRDA:571,5044,3,0
BRDA:571,5044,4,0
BRDA:571,5045,0,0
BRDA:571,5045,1,0
BRDA:571,5046,0,0
BRDA:571,5046,1,0
BRDA:571,5047,0,0
BRDA:571,5047,1,0
BRDA:571,5048,0,0
BRDA:571,5048,1,0
BRDA:571,5049,0,0
BRDA:571,5049,1,0
BRDA:571,5050,0,0
BRDA:571,5051,0,0
BRDA:571,5051,1,0
BRDA:571,5052,0,0
BRDA:571,5052,1,0
BRDA:571,5053,0,0
BRDA:571,5053,1,0
BRDA:571,5054,0,3
BRDA:571,5055,0,3
BRDA:571,5055,1,0
BRDA:571,5056,0,0
BRDA:571,5056,1,0
BRDA:571,5057,0,0
BRDA:571,5057,1,0
BRDA:571,5058,0,0
BRDA:571,5058,1,0
BRDA:571,5059,0,3
BRDA:571,5059,1,0
BRDA:571,5060,0,0
BRDA:571,5060,1,3
BRDA:571,5061,0,3
BRDA:571,5061,1,0
BRDA:571,5062,0,0
BRDA:571,5062,1,0
BRDA:571,5062,2,0
BRDA:571,5063,0,0
BRDA:571,5063,1,0
BRDA:571,5064,0,0
BRDA:571,5064,1,0
BRDA:571,5065,0,0
BRDA:571,5065,1,0
BRDA:571,5066,0,0
BRDA:571,5066,1,0
BRDA:571,5067,0,0
BRDA:571,5067,1,0
BRDA:571,5068,0,0
BRDA:571,5068,1,0
BRDA:571,5069,0,0
BRDA:571,5069,1,0
BRDA:571,5070,0,0
BRDA:571,5070,1,0
BRDA:571,5071,0,0
BRDA:571,5071,1,0
BRDA:571,5072,0,0
BRDA:571,5072,1,0
BRDA:571,5073,0,0
BRDA:571,5073,1,0
BRDA:571,5074,0,0
BRDA:571,5074,1,0
BRDA:571,5075,0,0
BRDA:571,5075,1,0
BRDA:571,5076,0,0
BRDA:571,5076,1,0
BRDA:571,5077,0,0
BRDA:571,5077,1,0
BRDA:571,5078,0,0
BRDA:571,5078,1,0
BRDA:571,5078,2,0
BRDA:571,5079,0,0
BRDA:571,5079,1,0
BRDA:571,5079,2,0
BRDA:571,5080,0,0
BRDA:571,5080,1,0
BRDA:571,5081,0,0
BRDA:571,5081,1,0
BRDA:571,5081,2,0
BRDA:571,5082,0,0
BRDA:571,5082,1,0
BRDA:571,5083,0,0
BRDA:571,5083,1,0
BRDA:571,5084,0,0
BRDA:571,5084,1,0
BRDA:571,5084,2,0
BRDA:571,5085,0,0
BRDA:571,5085,1,0
BRDA:571,5086,0,0
BRDA:571,5086,1,0
BRDA:571,5087,0,0
BRDA:571,5087,1,0
BRDA:571,5087,2,0
BRDA:571,5088,0,0
BRDA:571,5088,1,0
BRDA:571,5088,2,0
BRDA:571,5089,0,0
BRDA:571,5089,1,0
BRDA:571,5090,0,0
BRDA:571,5090,1,0
BRDA:571,5091,0,0
BRDA:571,5091,1,0
BRDA:571,5092,0,0
BRDA:571,5092,1,0
BRDA:571,5093,0,0
BRDA:571,5093,1,0
BRDA:571,5094,0,0
BRDA:571,5094,1,0
BRDA:571,5095,0,0
BRDA:571,5095,1,0
BRDA:571,5096,0,0
BRDA:571,5096,1,0
BRDA:571,5097,0,0
BRDA:571,5097,1,0
BRDA:571,5098,0,14
BRDA:571,5099,0,14
BRDA:571,5100,0,14
BRDA:571,5101,0,14
BRDA:571,5102,0,0
BRDA:571,5102,1,14
BRDA:571,5103,0,14
BRDA:571,5103,1,0
BRDA:571,5104,0,14
BRDA:571,5104,1,0
BRDA:571,5105,0,0
BRDA:571,5105,1,7
BRDA:571,5106,0,7
BRDA:571,5106,1,0
BRDA:571,5107,0,7
BRDA:571,5108,0,7
BRDA:571,5109,0,7
BRDA:571,5109,1,0
BRDA:571,5110,0,7
BRDA:571,5110,1,0
BRDA:571,5111,0,0
BRDA:571,5111,1,0
BRDA:571,5111,2,0
BRDA:571,5112,0,0
BRDA:571,5112,1,0
BRDA:571,5113,0,0
BRDA:571,5113,1,0
BRDA:571,5114,0,0
BRDA:571,5114,1,0
BRDA:571,5115,0,0
BRDA:571,5115,1,0
BRDA:571,5116,0,0
BRDA:571,5117,0,0
BRDA:571,5118,0,0
BRDA:571,5118,1,0
BRDA:571,5119,0,0
BRDA:571,5119,1,0
BRDA:571,5120,0,0
BRDA:571,5120,1,0
BRDA:571,5121,0,0
BRDA:571,5121,1,0
BRDA:571,5122,0,0
BRDA:571,5122,1,0
BRDA:571,5123,0,0
BRDA:571,5123,1,0
BRDA:571,5124,0,0
BRDA:571,5124,1,0
BRDA:571,5125,0,0
BRDA:571,5125,1,0
BRDA:571,5126,0,0
BRDA:571,5126,1,0
BRDA:571,5127,0,0
BRDA:571,5127,1,0
BRDA:571,5128,0,0
BRDA:571,5128,1,0
BRDA:571,5128,2,0
BRDA:571,5129,0,0
BRDA:571,5129,1,0
BRDA:571,5130,0,0
BRDA:571,5130,1,0
BRDA:571,5131,0,0
BRDA:571,5131,1,0
BRDA:571,5132,0,0
BRDA:571,5132,1,0
BRDA:571,5133,0,0
BRDA:571,5133,1,0
BRDA:571,5134,0,0
BRDA:571,5134,1,0
BRDA:571,5135,0,0
BRDA:571,5135,1,0
BRDA:571,5136,0,0
BRDA:571,5136,1,0
BRDA:571,5137,0,0
BRDA:571,5137,1,0
BRDA:571,5138,0,13
BRDA:571,5138,1,0
BRDA:571,5138,2,0
BRDA:571,5139,0,0
BRDA:571,5139,1,1
BRDA:571,5140,0,0
BRDA:571,5140,1,0
BRDA:571,5141,0,0
BRDA:571,5141,1,1
BRDA:571,5142,0,1
BRDA:571,5142,1,0
BRDA:571,5143,0,0
BRDA:571,5143,1,0
BRDA:571,5144,0,0
BRDA:571,5144,1,0
BRDA:571,5145,0,0
BRDA:571,5145,1,0
BRDA:571,5146,0,0
BRDA:571,5146,1,0
BRDA:571,5147,0,13
BRDA:571,5147,1,0
BRDA:571,5148,0,1
BRDA:571,5148,1,12
BRDA:571,5149,0,1
BRDA:571,5149,1,12
BRDA:571,5150,0,1
BRDA:571,5150,1,12
BRDA:571,5151,0,0
BRDA:571,5151,1,13
BRDA:571,5152,0,0
BRDA:571,5152,1,13
BRDA:571,5153,0,2
BRDA:571,5154,0,2
BRDA:571,5154,1,0
BRDA:571,5155,0,2
BRDA:571,5155,1,0
BRDA:571,5156,0,0
BRDA:571,5156,1,0
BRDA:571,5157,0,0
BRDA:571,5157,1,0
BRDA:571,5158,0,0
BRDA:571,5158,1,0
BRDA:571,5158,2,0
BRDA:571,5158,3,0
BRDA:571,5158,4,0
BRDA:571,5159,0,0
BRDA:571,5159,1,12
BRDA:571,5160,0,12
BRDA:571,5160,1,12
BRDA:571,5160,2,0
BRDA:571,5161,0,0
BRDA:571,5161,1,12
BRDA:571,5162,0,12
BRDA:571,5162,1,0
BRDA:571,5162,2,0
BRDA:571,5163,0,12
BRDA:571,5163,1,0
BRDA:571,5164,0,0
BRDA:571,5164,1,0
BRDA:571,5165,0,0
BRDA:571,5165,1,0
BRDA:571,5166,0,0
BRDA:571,5166,1,0
BRDA:575,5167,0,0
BRDA:575,5167,1,0
BRDA:575,5168,0,0
BRDA:575,5168,1,0
BRDA:575,5169,0,0
BRDA:575,5169,1,0
BRDA:575,5170,0,0
BRDA:575,5170,1,0
BRDA:575,5171,0,0
BRDA:575,5171,1,0
BRDA:575,5172,0,0
BRDA:575,5172,1,0
BRDA:575,5173,0,0
BRDA:575,5173,1,0
BRDA:575,5174,0,0
BRDA:575,5174,1,0
BRDA:575,5175,0,0
BRDA:575,5175,1,0
BRDA:575,5176,0,0
BRDA:575,5176,1,0
BRDA:575,5177,0,0
BRDA:575,5177,1,0
BRDA:575,5178,0,0
BRDA:575,5178,1,0
BRDA:575,5179,0,0
BRDA:575,5179,1,0
BRDA:575,5180,0,0
BRDA:575,5180,1,3
BRDA:575,5181,0,0
BRDA:575,5181,1,2
BRDA:575,5182,0,0
BRDA:575,5182,1,2
BRDA:575,5183,0,2
BRDA:575,5183,1,0
BRDA:575,5184,0,0
BRDA:575,5184,1,2
BRF:12204
BRH:2603
end_of_record
